[INFO ] [2023-08-09 15:10:46,090] Register - Step 01: Navigate to 'Register' page
[INFO ] [2023-08-09 15:10:46,658] Register - Step 02: Enter to Firstname textbox with value is 'Automation'
[INFO ] [2023-08-09 15:10:46,796] Register - Step 03: Enter to Lastname textbox with value is 'FC'
[INFO ] [2023-08-09 15:10:46,903] Register - Step 04: Enter to Email textbox with value is 'afc2717@gmail.vn'
[INFO ] [2023-08-09 15:10:47,007] Register - Step 05: Enter to Password textbox with value is '123456'
[INFO ] [2023-08-09 15:10:47,109] Register - Step 06: Enter to Confirm Password with value is '123456'
[INFO ] [2023-08-09 15:10:47,201] Register - Step 07: Click to 'Register' button 
[INFO ] [2023-08-09 15:10:48,012] Register - Step 08: Verify Register success message is displayed
[INFO ] [2023-08-09 15:10:48,066] Register - Step 09: Click to the 'Logo'
[INFO ] [2023-08-09 15:10:48,490] Login - Step 01: Navigate to Login page
[INFO ] [2023-08-09 15:10:48,913] Login - Step 02: Enter to Email textbox with value is 'afc2717@gmail.vn'
[INFO ] [2023-08-09 15:10:48,999] Login - Step 03: Enter to Password textbox with value is '123456'
[INFO ] [2023-08-09 15:10:49,096] Login - Step 04: Click to 'Login' button 
[INFO ] [2023-08-09 15:10:49,812] Login - Step 05: Verify 'My Account' link is displayed
[INFO ] [2023-08-09 15:10:49,859] Login - Step 06: Navigate to 'My Account' page
[INFO ] [2023-08-09 15:10:50,259] Login - Step 07: Verify 'Customer Infor' page is displayed
[INFO ] [2023-08-09 15:24:46,955] Register - Step 01: Navigate to 'Register' page
[INFO ] [2023-08-09 15:24:47,458] Register - Step 02: Enter to Firstname textbox with value is 'Automation'
[INFO ] [2023-08-09 15:24:47,600] Register - Step 03: Enter to Lastname textbox with value is 'FC'
[INFO ] [2023-08-09 15:24:47,705] Register - Step 04: Enter to Email textbox with value is 'afc5927@gmail.vn'
[INFO ] [2023-08-09 15:24:47,820] Register - Step 05: Enter to Password textbox with value is '123456'
[INFO ] [2023-08-09 15:24:47,929] Register - Step 06: Enter to Confirm Password with value is '123456'
[INFO ] [2023-08-09 15:24:48,028] Register - Step 07: Click to 'Register' button 
[INFO ] [2023-08-09 15:24:48,804] Register - Step 08: Verify Register success message is displayed
[INFO ] [2023-08-09 15:24:48,854]  -------------------------- FAILED -------------------------- 
[INFO ] [2023-08-09 15:24:48,854] Register - Step 09: Click to the 'Logo'
[INFO ] [2023-08-09 15:24:49,297] Login - Step 01: Navigate to Login page
[INFO ] [2023-08-09 15:24:49,755] Login - Step 02: Enter to Email textbox with value is 'afc5927@gmail.vn'
[INFO ] [2023-08-09 15:24:49,856] Login - Step 03: Enter to Password textbox with value is '123456'
[INFO ] [2023-08-09 15:24:49,948] Login - Step 04: Click to 'Login' button 
[INFO ] [2023-08-09 15:24:50,806] Login - Step 05: Verify 'My Account' link is displayed
[INFO ] [2023-08-09 15:24:50,858]  -------------------------- FAILED -------------------------- 
[INFO ] [2023-08-09 15:24:50,859] Login - Step 06: Navigate to 'My Account' page
[INFO ] [2023-08-09 15:24:51,527] Login - Step 07: Verify 'Customer Infor' page is displayed
[INFO ] [2023-08-09 15:24:51,572]  -------------------------- FAILED -------------------------- 
[INFO ] [2023-08-09 15:28:16,817] Register - Step 01: Navigate to 'Register' page
[INFO ] [2023-08-09 15:28:17,342] Register - Step 02: Enter to Firstname textbox with value is 'Automation'
[INFO ] [2023-08-09 15:28:17,486] Register - Step 03: Enter to Lastname textbox with value is 'FC'
[INFO ] [2023-08-09 15:28:17,595] Register - Step 04: Enter to Email textbox with value is 'afc3075@gmail.vn'
[INFO ] [2023-08-09 15:28:17,717] Register - Step 05: Enter to Password textbox with value is '123456'
[INFO ] [2023-08-09 15:28:17,835] Register - Step 06: Enter to Confirm Password with value is '123456'
[INFO ] [2023-08-09 15:28:17,938] Register - Step 07: Click to 'Register' button 
[INFO ] [2023-08-09 15:28:18,701] Register - Step 08: Verify Register success message is displayed
[INFO ] [2023-08-09 15:28:18,753]  -------------------------- FAILED -------------------------- 
[INFO ] [2023-08-09 15:28:18,754] Register - Step 09: Click to the 'Logo'
[INFO ] [2023-08-09 15:28:19,167] Login - Step 01: Navigate to Login page
[INFO ] [2023-08-09 15:28:19,551] Login - Step 02: Enter to Email textbox with value is 'afc3075@gmail.vn'
[INFO ] [2023-08-09 15:28:19,646] Login - Step 03: Enter to Password textbox with value is '123456'
[INFO ] [2023-08-09 15:28:19,734] Login - Step 04: Click to 'Login' button 
[INFO ] [2023-08-09 15:28:20,457] Login - Step 05: Verify 'My Account' link is displayed
[INFO ] [2023-08-09 15:28:20,513]  -------------------------- FAILED -------------------------- 
[INFO ] [2023-08-09 15:28:20,513] Login - Step 06: Navigate to 'My Account' page
[INFO ] [2023-08-09 15:28:20,899] Login - Step 07: Verify 'Customer Infor' page is displayed
[INFO ] [2023-08-09 15:28:20,945]  -------------------------- FAILED -------------------------- 
[INFO ] [2023-08-09 16:21:01,676] Register - Step 01: Navigate to 'Register' page
[INFO ] [2023-08-09 16:21:02,228] Register - Step 02: Enter to Firstname textbox with value is 'Automation'
[INFO ] [2023-08-09 16:21:02,411] Register - Step 03: Enter to Lastname textbox with value is 'FC'
[INFO ] [2023-08-09 16:21:02,543] Register - Step 04: Enter to Email textbox with value is 'afc5362@gmail.vn'
[INFO ] [2023-08-09 16:21:02,652] Register - Step 05: Enter to Password textbox with value is '123456'
[INFO ] [2023-08-09 16:21:02,745] Register - Step 06: Enter to Confirm Password with value is '123456'
[INFO ] [2023-08-09 16:21:02,852] Register - Step 07: Click to 'Register' button 
[INFO ] [2023-08-09 16:21:03,732] Register - Step 08: Verify Register success message is displayed
[INFO ] [2023-08-09 16:21:03,801]  -------------------------- FAILED -------------------------- 
[INFO ] [2023-08-09 16:21:03,802] Register - Step 09: Click to the 'Logo'
[INFO ] [2023-08-09 16:21:04,320] Login - Step 01: Navigate to Login page
[INFO ] [2023-08-09 16:21:04,773] Login - Step 02: Enter to Email textbox with value is 'afc5362@gmail.vn'
[INFO ] [2023-08-09 16:21:04,895] Login - Step 03: Enter to Password textbox with value is '123456'
[INFO ] [2023-08-09 16:21:05,017] Login - Step 04: Click to 'Login' button 
[INFO ] [2023-08-09 16:21:05,784] Login - Step 05: Verify 'My Account' link is displayed
[INFO ] [2023-08-09 16:21:05,846]  -------------------------- FAILED -------------------------- 
[INFO ] [2023-08-09 16:21:05,846] Login - Step 06: Navigate to 'My Account' page
[INFO ] [2023-08-09 16:21:06,252] Login - Step 07: Verify 'Customer Infor' page is displayed
[INFO ] [2023-08-09 16:21:06,301]  -------------------------- FAILED -------------------------- 
[INFO ] [2023-08-09 16:42:11,276] Register - Step 01: Navigate to 'Register' page
[INFO ] [2023-08-09 16:42:11,816] Register - Step 02: Enter to Firstname textbox with value is 'Automation'
[INFO ] [2023-08-09 16:42:12,023] Register - Step 03: Enter to Lastname textbox with value is 'FC'
[INFO ] [2023-08-09 16:42:12,168] Register - Step 04: Enter to Email textbox with value is 'afc6746@gmail.vn'
[INFO ] [2023-08-09 16:42:12,304] Register - Step 05: Enter to Password textbox with value is '123456'
[INFO ] [2023-08-09 16:42:12,426] Register - Step 06: Enter to Confirm Password with value is '123456'
[INFO ] [2023-08-09 16:42:12,543] Register - Step 07: Click to 'Register' button 
[INFO ] [2023-08-09 16:42:13,319] Register - Step 08: Verify Register success message is displayed
[INFO ] [2023-08-09 16:42:13,383]  -------------------------- FAILED -------------------------- 
[INFO ] [2023-08-09 16:42:13,383] Register - Step 09: Click to the 'Logo'
[INFO ] [2023-08-09 16:42:13,810] Login - Step 01: Navigate to Login page
[INFO ] [2023-08-09 16:42:14,209] Login - Step 02: Enter to Email textbox with value is 'afc6746@gmail.vn'
[INFO ] [2023-08-09 16:42:14,329] Login - Step 03: Enter to Password textbox with value is '123456'
[INFO ] [2023-08-09 16:42:14,445] Login - Step 04: Click to 'Login' button 
[INFO ] [2023-08-09 16:42:15,139] Login - Step 05: Verify 'My Account' link is displayed
[INFO ] [2023-08-09 16:42:15,200]  -------------------------- FAILED -------------------------- 
[INFO ] [2023-08-09 16:42:15,200] Login - Step 06: Navigate to 'My Account' page
[INFO ] [2023-08-09 16:42:15,640] Login - Step 07: Verify 'Customer Infor' page is displayed
[INFO ] [2023-08-09 16:42:15,698]  -------------------------- FAILED -------------------------- 
[INFO ] [2023-08-09 19:10:10,081] Register - Step 01: Navigate to 'Register' page
[INFO ] [2023-08-09 19:10:11,115] Register - Step 02: Enter to Firstname textbox with value is 'Automation'
[INFO ] [2023-08-09 19:10:11,214] Register - Step 03: Enter to Lastname textbox with value is 'FC'
[INFO ] [2023-08-09 19:10:11,286] Register - Step 04: Enter to Email textbox with value is 'afc673@gmail.vn'
[INFO ] [2023-08-09 19:10:11,356] Register - Step 05: Enter to Password textbox with value is '123456'
[INFO ] [2023-08-09 19:10:11,423] Register - Step 06: Enter to Confirm Password with value is '123456'
[INFO ] [2023-08-09 19:10:11,492] Register - Step 07: Click to 'Register' button 
[INFO ] [2023-08-09 19:10:12,749] Register - Step 08: Verify Register success message is displayed
[INFO ] [2023-08-09 19:10:12,810]  -------------------------- FAILED -------------------------- 
[INFO ] [2023-08-09 19:10:12,812] Register - Step 09: Click to the 'Logo'
[INFO ] [2023-08-09 19:10:13,487] Login - Step 01: Navigate to Login page
[INFO ] [2023-08-09 19:10:14,144] Login - Step 02: Enter to Email textbox with value is 'afc673@gmail.vn'
[INFO ] [2023-08-09 19:10:14,217] Login - Step 03: Enter to Password textbox with value is '123456'
[INFO ] [2023-08-09 19:10:14,292] Login - Step 04: Click to 'Login' button 
[INFO ] [2023-08-09 19:10:15,473] Login - Step 05: Verify 'My Account' link is displayed
[INFO ] [2023-08-09 19:10:15,545]  -------------------------- FAILED -------------------------- 
[INFO ] [2023-08-09 19:10:15,546] Login - Step 06: Navigate to 'My Account' page
[INFO ] [2023-08-09 19:10:16,216] Login - Step 07: Verify 'Customer Infor' page is displayed
[INFO ] [2023-08-09 19:10:16,295]  -------------------------- FAILED -------------------------- 
[INFO ] [2023-08-09 19:10:24,795] Register - Step 01: Navigate to 'Register' page
[INFO ] [2023-08-09 19:10:26,751] Register - Step 02: Enter to Firstname textbox with value is 'Automation'
[INFO ] [2023-08-09 19:10:26,967] Register - Step 03: Enter to Lastname textbox with value is 'FC'
[INFO ] [2023-08-09 19:10:27,103] Register - Step 04: Enter to Email textbox with value is 'afc1965@gmail.vn'
[INFO ] [2023-08-09 19:10:27,228] Register - Step 05: Enter to Password textbox with value is '123456'
[INFO ] [2023-08-09 19:10:27,343] Register - Step 06: Enter to Confirm Password with value is '123456'
[INFO ] [2023-08-09 19:10:27,456] Register - Step 07: Click to 'Register' button 
[INFO ] [2023-08-09 19:10:28,374] Register - Step 08: Verify Register success message is displayed
[INFO ] [2023-08-09 19:10:28,420]  -------------------------- FAILED -------------------------- 
[INFO ] [2023-08-09 19:10:28,420] Register - Step 09: Click to the 'Logo'
[INFO ] [2023-08-09 19:10:28,904] Login - Step 01: Navigate to Login page
[INFO ] [2023-08-09 19:10:29,377] Login - Step 02: Enter to Email textbox with value is 'afc1965@gmail.vn'
[INFO ] [2023-08-09 19:10:29,472] Login - Step 03: Enter to Password textbox with value is '123456'
[INFO ] [2023-08-09 19:10:29,571] Login - Step 04: Click to 'Login' button 
[INFO ] [2023-08-09 19:10:30,400] Login - Step 05: Verify 'My Account' link is displayed
[INFO ] [2023-08-09 19:10:30,447]  -------------------------- FAILED -------------------------- 
[INFO ] [2023-08-09 19:10:30,447] Login - Step 06: Navigate to 'My Account' page
[INFO ] [2023-08-09 19:10:30,903] Login - Step 07: Verify 'Customer Infor' page is displayed
[INFO ] [2023-08-09 19:10:30,944]  -------------------------- FAILED -------------------------- 
[INFO ] [2023-08-10 00:58:01,109] Register - Step 01: Navigate to 'Register' page
[INFO ] [2023-08-10 00:58:03,422] Register - Step 02: Enter to Firstname textbox with value is 'Automation'
[INFO ] [2023-08-10 00:58:03,517] Register - Step 03: Enter to Lastname textbox with value is 'FC'
[INFO ] [2023-08-10 00:58:03,583] Register - Step 04: Enter to Email textbox with value is 'afc5399@gmail.vn'
[INFO ] [2023-08-10 00:58:03,645] Register - Step 05: Enter to Password textbox with value is '123456'
[INFO ] [2023-08-10 00:58:03,708] Register - Step 06: Enter to Confirm Password with value is '123456'
[INFO ] [2023-08-10 00:58:03,776] Register - Step 07: Click to 'Register' button 
[INFO ] [2023-08-10 00:58:04,885] Register - Step 08: Verify Register success message is displayed
[INFO ] [2023-08-10 00:58:04,945]  -------------------------- FAILED -------------------------- 
[INFO ] [2023-08-10 00:58:04,949] Register - Step 09: Click to the 'Logo'
[INFO ] [2023-08-10 00:58:05,536] Login - Step 01: Navigate to Login page
[INFO ] [2023-08-10 00:58:06,123] Login - Step 02: Enter to Email textbox with value is 'afc5399@gmail.vn'
[INFO ] [2023-08-10 00:58:06,190] Login - Step 03: Enter to Password textbox with value is '123456'
[INFO ] [2023-08-10 00:58:06,253] Login - Step 04: Click to 'Login' button 
[INFO ] [2023-08-10 00:58:07,315] Login - Step 05: Verify 'My Account' link is displayed
[INFO ] [2023-08-10 00:58:07,383]  -------------------------- FAILED -------------------------- 
[INFO ] [2023-08-10 00:58:07,383] Login - Step 06: Navigate to 'My Account' page
[INFO ] [2023-08-10 00:58:07,955] Login - Step 07: Verify 'Customer Infor' page is displayed
[INFO ] [2023-08-10 00:58:08,019]  -------------------------- FAILED -------------------------- 
[INFO ] [2023-08-10 00:58:14,347] Register - Step 01: Navigate to 'Register' page
[INFO ] [2023-08-10 00:58:14,890] Register - Step 02: Enter to Firstname textbox with value is 'Automation'
[INFO ] [2023-08-10 00:58:15,057] Register - Step 03: Enter to Lastname textbox with value is 'FC'
[INFO ] [2023-08-10 00:58:15,191] Register - Step 04: Enter to Email textbox with value is 'afc7847@gmail.vn'
[INFO ] [2023-08-10 00:58:15,287] Register - Step 05: Enter to Password textbox with value is '123456'
[INFO ] [2023-08-10 00:58:15,376] Register - Step 06: Enter to Confirm Password with value is '123456'
[INFO ] [2023-08-10 00:58:15,491] Register - Step 07: Click to 'Register' button 
[INFO ] [2023-08-10 00:58:16,298] Register - Step 08: Verify Register success message is displayed
[INFO ] [2023-08-10 00:58:16,358]  -------------------------- FAILED -------------------------- 
[INFO ] [2023-08-10 00:58:16,358] Register - Step 09: Click to the 'Logo'
[INFO ] [2023-08-10 00:58:16,797] Login - Step 01: Navigate to Login page
[INFO ] [2023-08-10 00:58:17,228] Login - Step 02: Enter to Email textbox with value is 'afc7847@gmail.vn'
[INFO ] [2023-08-10 00:58:17,340] Login - Step 03: Enter to Password textbox with value is '123456'
[INFO ] [2023-08-10 00:58:17,450] Login - Step 04: Click to 'Login' button 
[INFO ] [2023-08-10 00:58:18,140] Login - Step 05: Verify 'My Account' link is displayed
[INFO ] [2023-08-10 00:58:18,185]  -------------------------- FAILED -------------------------- 
[INFO ] [2023-08-10 00:58:18,185] Login - Step 06: Navigate to 'My Account' page
[INFO ] [2023-08-10 00:58:18,571] Login - Step 07: Verify 'Customer Infor' page is displayed
[INFO ] [2023-08-10 00:58:18,612]  -------------------------- FAILED -------------------------- 
[INFO ] [2023-08-10 13:12:13,520] Register - Step 01: Navigate to 'Register' page
[INFO ] [2023-08-10 13:12:14,524] Register - Step 02: Enter to Firstname textbox with value is 'Automation'
[INFO ] [2023-08-10 13:12:14,706] Register - Step 03: Enter to Lastname textbox with value is 'FC'
[INFO ] [2023-08-10 13:12:14,818] Register - Step 04: Enter to Email textbox with value is 'afc4771@gmail.vn'
[INFO ] [2023-08-10 13:12:14,919] Register - Step 05: Enter to Password textbox with value is '123456'
[INFO ] [2023-08-10 13:12:15,018] Register - Step 06: Enter to Confirm Password with value is '123456'
[INFO ] [2023-08-10 13:12:15,112] Register - Step 07: Click to 'Register' button 
[INFO ] [2023-08-10 13:12:15,888] Register - Step 08: Verify Register success message is displayed
[INFO ] [2023-08-10 13:12:15,964]  -------------------------- FAILED -------------------------- 
[INFO ] [2023-08-10 13:12:15,965] Register - Step 09: Click to the 'Logo'
[INFO ] [2023-08-10 13:12:16,729] Login - Step 01: Navigate to Login page
[INFO ] [2023-08-10 13:12:17,156] Login - Step 02: Enter to Email textbox with value is 'afc4771@gmail.vn'
[INFO ] [2023-08-10 13:12:17,258] Login - Step 03: Enter to Password textbox with value is '123456'
[INFO ] [2023-08-10 13:12:17,367] Login - Step 04: Click to 'Login' button 
[INFO ] [2023-08-10 13:12:18,122] Login - Step 05: Verify 'My Account' link is displayed
[INFO ] [2023-08-10 13:12:18,194]  -------------------------- FAILED -------------------------- 
[INFO ] [2023-08-10 13:12:18,195] Login - Step 06: Navigate to 'My Account' page
[INFO ] [2023-08-10 13:12:18,657] Login - Step 07: Verify 'Customer Infor' page is displayed
[INFO ] [2023-08-10 13:12:18,717]  -------------------------- FAILED -------------------------- 
[INFO ] [2023-08-10 13:46:38,461] Register - Step 01: Navigate to 'Register' page
[INFO ] [2023-08-10 13:46:40,302] Register - Step 02: Enter to Firstname textbox with value is 'Automation'
[INFO ] [2023-08-10 13:46:40,461] Register - Step 03: Enter to Lastname textbox with value is 'FC'
[INFO ] [2023-08-10 13:46:40,571] Register - Step 04: Enter to Email textbox with value is 'afc9668@gmail.vn'
[INFO ] [2023-08-10 13:46:40,675] Register - Step 05: Enter to Password textbox with value is '123456'
[INFO ] [2023-08-10 13:46:40,777] Register - Step 06: Enter to Confirm Password with value is '123456'
[INFO ] [2023-08-10 13:46:40,870] Register - Step 07: Click to 'Register' button 
[INFO ] [2023-08-10 13:46:41,864] Register - Step 08: Verify Register success message is displayed
[INFO ] [2023-08-10 13:46:41,926]  -------------------------- FAILED -------------------------- 
[INFO ] [2023-08-10 13:46:41,927] Register - Step 09: Click to the 'Logo'
[INFO ] [2023-08-10 13:46:42,869] Login - Step 01: Navigate to Login page
[INFO ] [2023-08-10 13:46:43,348] Login - Step 02: Enter to Email textbox with value is 'afc9668@gmail.vn'
[INFO ] [2023-08-10 13:46:43,460] Login - Step 03: Enter to Password textbox with value is '123456'
[INFO ] [2023-08-10 13:46:43,584] Login - Step 04: Click to 'Login' button 
[INFO ] [2023-08-10 13:46:44,490] Login - Step 05: Verify 'My Account' link is displayed
[INFO ] [2023-08-10 13:46:44,547]  -------------------------- FAILED -------------------------- 
[INFO ] [2023-08-10 13:46:44,547] Login - Step 06: Navigate to 'My Account' page
[INFO ] [2023-08-10 13:46:45,013] Login - Step 07: Verify 'Customer Infor' page is displayed
[INFO ] [2023-08-10 13:46:45,072]  -------------------------- FAILED -------------------------- 
[INFO ] [2023-08-10 13:56:09,042] Register - Step 01: Navigate to 'Register' page
[INFO ] [2023-08-10 13:56:09,547] Register - Step 02: Enter to Firstname textbox with value is 'Automation'
[INFO ] [2023-08-10 13:56:09,700] Register - Step 03: Enter to Lastname textbox with value is 'FC'
[INFO ] [2023-08-10 13:56:09,813] Register - Step 04: Enter to Email textbox with value is 'afc409@gmail.vn'
[INFO ] [2023-08-10 13:56:09,925] Register - Step 05: Enter to Password textbox with value is '123456'
[INFO ] [2023-08-10 13:56:10,025] Register - Step 06: Enter to Confirm Password with value is '123456'
[INFO ] [2023-08-10 13:56:10,123] Register - Step 07: Click to 'Register' button 
[INFO ] [2023-08-10 13:56:10,861] Register - Step 08: Verify Register success message is displayed
[INFO ] [2023-08-10 13:56:11,052] Login - Step 01: Navigate to Login page
[INFO ] [2023-08-10 13:56:11,454] Login - Step 02: Enter to Email textbox with value is 'afc409@gmail.vn'
[INFO ] [2023-08-10 13:56:11,541] Login - Step 03: Enter to Password textbox with value is '123456'
[INFO ] [2023-08-10 13:56:11,629] Login - Step 04: Click to 'Login' button 
[INFO ] [2023-08-10 13:56:12,346] Login - Step 05: Verify 'My Account' link is displayed
[INFO ] [2023-08-10 14:14:12,338] Register - Step 01: Navigate to 'Register' page
[INFO ] [2023-08-10 14:14:13,004] Register - Step 02: Enter to Firstname textbox with value is 'Automation'
[INFO ] [2023-08-10 14:14:13,146] Register - Step 03: Enter to Lastname textbox with value is 'FC'
[INFO ] [2023-08-10 14:14:13,258] Register - Step 04: Enter to Email textbox with value is 'afc5819@gmail.vn'
[INFO ] [2023-08-10 14:14:13,361] Register - Step 05: Enter to Password textbox with value is '123456'
[INFO ] [2023-08-10 14:14:13,459] Register - Step 06: Enter to Confirm Password with value is '123456'
[INFO ] [2023-08-10 14:14:13,561] Register - Step 07: Click to 'Register' button 
[INFO ] [2023-08-10 14:14:15,409] Register - Step 08: Verify Register success message is displayed
[INFO ] [2023-08-10 14:14:15,562] Login - Step 01: Navigate to Login page
[INFO ] [2023-08-10 14:17:35,389] Register - Step 01: Navigate to 'Register' page
[INFO ] [2023-08-10 14:17:35,979] Register - Step 02: Enter to Firstname textbox with value is 'Automation'
[INFO ] [2023-08-10 14:17:36,118] Register - Step 03: Enter to Lastname textbox with value is 'FC'
[INFO ] [2023-08-10 14:17:36,231] Register - Step 04: Enter to Email textbox with value is 'afc1001@gmail.vn'
[INFO ] [2023-08-10 14:17:36,345] Register - Step 05: Enter to Password textbox with value is '123456'
[INFO ] [2023-08-10 14:17:36,443] Register - Step 06: Enter to Confirm Password with value is '123456'
[INFO ] [2023-08-10 14:17:36,539] Register - Step 07: Click to 'Register' button 
[INFO ] [2023-08-10 14:17:37,353] Register - Step 08: Verify Register success message is displayed
[INFO ] [2023-08-10 14:17:37,538] Login - Step 01: Navigate to Login page
[INFO ] [2023-08-10 14:17:38,003] Login - Step 02: Enter to Email textbox with value is 'afc1001@gmail.vn'
[INFO ] [2023-08-10 14:17:38,097] Login - Step 03: Enter to Password textbox with value is '123456'
[INFO ] [2023-08-10 14:17:38,186] Login - Step 04: Click to 'Login' button 
[INFO ] [2023-08-10 14:17:38,953] Login - Step 05: Verify 'My Account' link is displayed
[INFO ] [2023-08-14 11:37:27,276] Login - Step 01: Navigate to Login page
[INFO ] [2023-08-14 11:37:27,753] Login - Step 02: Enter to Email textbox with value is 'afc9055@gmail.vn'
[INFO ] [2023-08-14 11:37:27,919] Login - Step 03: Enter to Password textbox with value is '123456'
[INFO ] [2023-08-14 11:37:28,050] Login - Step 04: Click to 'Login' button 
[INFO ] [2023-08-14 22:18:45,456] Pre-condition - Step 01: Navigate to Login page
[INFO ] [2023-08-14 22:18:46,059] Pre-condition - Step 02: Set cookie and reload page
[INFO ] [2023-08-14 22:18:49,592] Pre-condition - Step 05: Verify 'My Account' link is displayed
[INFO ] [2023-08-14 22:18:49,781]  -------------------------- PASSED -------------------------- 
[INFO ] [2023-08-14 22:23:43,761] Pre-condition - Step 01: Navigate to Login page
[INFO ] [2023-08-14 22:23:44,386] Pre-condition - Step 02: Set cookie and reload page
[INFO ] [2023-08-14 22:23:47,869] Pre-condition - Step 05: Verify 'My Account' link is displayed
[INFO ] [2023-08-14 22:23:48,014]  -------------------------- PASSED -------------------------- 
[INFO ] [2023-08-14 22:25:01,114] Pre-condition - Step 01: Navigate to Login page
[INFO ] [2023-08-14 22:25:01,960] Pre-condition - Step 02: Set cookie and reload page
[INFO ] [2023-08-14 22:25:05,144] Pre-condition - Step 05: Verify 'My Account' link is displayed
[INFO ] [2023-08-14 22:25:05,659]  -------------------------- PASSED -------------------------- 
[INFO ] [2023-08-15 15:18:40,339] Pre-Condition - Step 01: Navigate to 'Register' page
[INFO ] [2023-08-15 15:18:40,916] Pre-Condition - Step 02: Enter to Firstname textbox with value is 'Automation'
[INFO ] [2023-08-15 15:18:41,144] Pre-Condition - Step 03: Enter to Lastname textbox with value is 'FC'
[INFO ] [2023-08-15 15:18:41,305] Pre-Condition - Step 04: Enter to Email textbox with value is 'afc1576@gmail.vn'
[INFO ] [2023-08-15 15:18:41,445] Pre-Condition - Step 05: Enter to Password textbox with value is '123456'
[INFO ] [2023-08-15 15:18:41,593] Pre-Condition - Step 06: Enter to Confirm Password with value is '123456'
[INFO ] [2023-08-15 15:18:41,757] Pre-Condition - Step 07: Click to 'Register' button 
[INFO ] [2023-08-15 15:18:42,535] Pre-Condition - Step 08: Verify Register success message is displayed
[INFO ] [2023-08-15 15:18:42,607]  -------------------------- FAILED -------------------------- 
[INFO ] [2023-08-15 15:18:42,615] Pre-Condition - Step 09: Click to the 'Logo'
[INFO ] [2023-08-15 15:18:43,070] Pre-Condition - Step 10: Navigate to Login page
[INFO ] [2023-08-15 15:21:09,948] Pre-Condition - Step 01: Navigate to 'Register' page
[INFO ] [2023-08-15 15:21:10,556] Pre-Condition - Step 02: Enter to Firstname textbox with value is 'Automation'
[INFO ] [2023-08-15 15:21:10,781] Pre-Condition - Step 03: Enter to Lastname textbox with value is 'FC'
[INFO ] [2023-08-15 15:21:10,955] Pre-Condition - Step 04: Enter to Email textbox with value is 'afc2882@gmail.vn'
[INFO ] [2023-08-15 15:21:11,146] Pre-Condition - Step 05: Enter to Password textbox with value is '123456'
[INFO ] [2023-08-15 15:21:11,359] Pre-Condition - Step 06: Enter to Confirm Password with value is '123456'
[INFO ] [2023-08-15 15:21:11,545] Pre-Condition - Step 07: Click to 'Register' button 
[INFO ] [2023-08-15 15:21:12,316] Pre-Condition - Step 08: Verify Register success message is displayed
[INFO ] [2023-08-15 15:21:12,387]  -------------------------- FAILED -------------------------- 
[INFO ] [2023-08-15 15:21:12,389] Pre-Condition - Step 09: Click to the 'Logo'
[INFO ] [2023-08-15 15:21:12,829] Pre-Condition - Step 10: Navigate to Login page
[INFO ] [2023-08-15 15:21:13,282] Pre-Condition - Step 11: Enter to Email textbox with value is 'afc2882@gmail.vn'
[INFO ] [2023-08-15 15:21:13,414] Pre-Condition - Step 12: Enter to Password textbox with value is '123456'
[INFO ] [2023-08-15 15:21:13,545] Pre-Condition - Step 13: Click to 'Login' button 
[INFO ] [2023-08-15 15:21:35,552] Pre-Condition - Step 01: Navigate to 'Register' page
[INFO ] [2023-08-15 15:21:36,668] Pre-Condition - Step 02: Enter to Firstname textbox with value is 'Automation'
[INFO ] [2023-08-15 15:21:37,062] Pre-Condition - Step 03: Enter to Lastname textbox with value is 'FC'
[INFO ] [2023-08-15 15:21:37,314] Pre-Condition - Step 04: Enter to Email textbox with value is 'afc9164@gmail.vn'
[INFO ] [2023-08-15 15:21:37,529] Pre-Condition - Step 05: Enter to Password textbox with value is '123456'
[INFO ] [2023-08-15 15:21:37,749] Pre-Condition - Step 06: Enter to Confirm Password with value is '123456'
[INFO ] [2023-08-15 15:21:37,985] Pre-Condition - Step 07: Click to 'Register' button 
[INFO ] [2023-08-15 15:21:38,826] Pre-Condition - Step 08: Verify Register success message is displayed
[INFO ] [2023-08-15 15:21:38,918]  -------------------------- FAILED -------------------------- 
[INFO ] [2023-08-15 15:21:38,920] Pre-Condition - Step 09: Click to the 'Logo'
[INFO ] [2023-08-15 15:21:39,447] Pre-Condition - Step 10: Navigate to Login page
[INFO ] [2023-08-15 15:21:39,949] Pre-Condition - Step 11: Enter to Email textbox with value is 'afc9164@gmail.vn'
[INFO ] [2023-08-15 15:21:40,135] Pre-Condition - Step 12: Enter to Password textbox with value is '123456'
[INFO ] [2023-08-15 15:21:40,326] Pre-Condition - Step 13: Click to 'Login' button 
[INFO ] [2023-08-15 15:22:57,467] Pre-Condition - Step 01: Navigate to 'Register' page
[INFO ] [2023-08-15 15:22:58,010] Pre-Condition - Step 02: Enter to Firstname textbox with value is 'Automation'
[INFO ] [2023-08-15 15:22:58,184] Pre-Condition - Step 03: Enter to Lastname textbox with value is 'FC'
[INFO ] [2023-08-15 15:22:58,334] Pre-Condition - Step 04: Enter to Email textbox with value is 'afc889@gmail.vn'
[INFO ] [2023-08-15 15:22:58,476] Pre-Condition - Step 05: Enter to Password textbox with value is '123456'
[INFO ] [2023-08-15 15:22:58,604] Pre-Condition - Step 06: Enter to Confirm Password with value is '123456'
[INFO ] [2023-08-15 15:22:58,726] Pre-Condition - Step 07: Click to 'Register' button 
[INFO ] [2023-08-15 15:22:59,475] Pre-Condition - Step 08: Verify Register success message is displayed
[INFO ] [2023-08-15 15:29:11,694] Pre-Condition - Step 01: Navigate to 'Register' page
[INFO ] [2023-08-15 15:29:12,446] Pre-Condition - Step 02: Enter to Firstname textbox with value is 'Automation'
[INFO ] [2023-08-15 15:29:12,704] Pre-Condition - Step 03: Enter to Lastname textbox with value is 'FC'
[INFO ] [2023-08-15 15:29:12,897] Pre-Condition - Step 04: Enter to Email textbox with value is 'afc5469@gmail.vn'
[INFO ] [2023-08-15 15:29:13,097] Pre-Condition - Step 05: Enter to Password textbox with value is '123456'
[INFO ] [2023-08-15 15:29:13,300] Pre-Condition - Step 06: Enter to Confirm Password with value is '123456'
[INFO ] [2023-08-15 15:29:13,478] Pre-Condition - Step 07: Click to 'Register' button 
[INFO ] [2023-08-15 15:29:14,234] Pre-Condition - Step 08: Verify Register success message is displayed
[INFO ] [2023-08-15 15:30:39,256] Pre-Condition - Step 01: Navigate to 'Register' page
[INFO ] [2023-08-15 15:30:40,082] Pre-Condition - Step 02: Enter to Firstname textbox with value is 'Automation'
[INFO ] [2023-08-15 15:30:40,361] Pre-Condition - Step 03: Enter to Lastname textbox with value is 'FC'
[INFO ] [2023-08-15 15:30:40,574] Pre-Condition - Step 04: Enter to Email textbox with value is 'afc7319@gmail.vn'
[INFO ] [2023-08-15 15:30:40,764] Pre-Condition - Step 05: Enter to Password textbox with value is '123456'
[INFO ] [2023-08-15 15:30:40,957] Pre-Condition - Step 06: Enter to Confirm Password with value is '123456'
[INFO ] [2023-08-15 15:30:41,133] Pre-Condition - Step 07: Click to 'Register' button 
[INFO ] [2023-08-15 15:30:41,914] Pre-Condition - Step 08: Verify Register success message is displayed
[INFO ] [2023-08-15 15:31:31,359] Pre-Condition - Step 01: Navigate to 'Register' page
[INFO ] [2023-08-15 15:31:32,034] Pre-Condition - Step 02: Enter to Firstname textbox with value is 'Automation'
[INFO ] [2023-08-15 15:31:32,368] Pre-Condition - Step 03: Enter to Lastname textbox with value is 'FC'
[INFO ] [2023-08-15 15:31:32,570] Pre-Condition - Step 04: Enter to Email textbox with value is 'afc764@gmail.vn'
[INFO ] [2023-08-15 15:31:32,750] Pre-Condition - Step 05: Enter to Password textbox with value is '123456'
[INFO ] [2023-08-15 15:31:32,921] Pre-Condition - Step 06: Enter to Confirm Password with value is '123456'
[INFO ] [2023-08-15 15:31:33,109] Pre-Condition - Step 07: Click to 'Register' button 
[INFO ] [2023-08-15 15:31:33,873] Pre-Condition - Step 08: Verify Register success message is displayed
[INFO ] [2023-08-15 15:31:33,951]  -------------------------- FAILED -------------------------- 
[INFO ] [2023-08-15 15:31:33,952] Pre-Condition - Step 09: Click to the 'Logo'
[INFO ] [2023-08-15 15:31:34,438] Pre-Condition - Step 10: Navigate to Login page
[INFO ] [2023-08-15 15:31:34,888] Pre-Condition - Step 11: Enter to Email textbox with value is 'afc764@gmail.vn'
[INFO ] [2023-08-15 15:31:35,065] Pre-Condition - Step 12: Enter to Password textbox with value is '123456'
[INFO ] [2023-08-15 15:31:35,250] Pre-Condition - Step 13: Click to 'Login' button 
[INFO ] [2023-08-15 15:34:33,115] Pre-Condition - Step 01: Navigate to 'Register' page
[INFO ] [2023-08-15 15:34:33,691] Pre-Condition - Step 02: Enter to Firstname textbox with value is 'Automation'
[INFO ] [2023-08-15 15:34:33,867] Pre-Condition - Step 03: Enter to Lastname textbox with value is 'FC'
[INFO ] [2023-08-15 15:34:33,999] Pre-Condition - Step 04: Enter to Email textbox with value is 'afc2787@gmail.vn'
[INFO ] [2023-08-15 15:34:34,123] Pre-Condition - Step 05: Enter to Password textbox with value is '123456'
[INFO ] [2023-08-15 15:34:34,245] Pre-Condition - Step 06: Enter to Confirm Password with value is '123456'
[INFO ] [2023-08-15 15:34:34,364] Pre-Condition - Step 07: Click to 'Register' button 
[INFO ] [2023-08-15 15:34:35,075] Pre-Condition - Step 08: Verify Register success message is displayed
[INFO ] [2023-08-15 16:14:15,818] Pre-Condition - Step 01: Navigate to 'Register' page
[INFO ] [2023-08-15 16:14:16,633] Pre-Condition - Step 02: Enter to Firstname textbox with value is 'Automation'
[INFO ] [2023-08-15 16:14:16,951] Pre-Condition - Step 03: Enter to Lastname textbox with value is 'FC'
[INFO ] [2023-08-15 16:14:17,174] Pre-Condition - Step 04: Enter to Email textbox with value is 'afc2064@gmail.vn'
[INFO ] [2023-08-15 16:14:17,419] Pre-Condition - Step 05: Enter to Password textbox with value is '123456'
[INFO ] [2023-08-15 16:14:17,650] Pre-Condition - Step 06: Enter to Confirm Password with value is '123456'
[INFO ] [2023-08-15 16:14:17,844] Pre-Condition - Step 07: Click to 'Register' button 
[INFO ] [2023-08-15 16:14:18,697] Pre-Condition - Step 08: Verify Register success message is displayed
[INFO ] [2023-08-15 16:14:36,328] Pre-Condition - Step 01: Navigate to 'Register' page
[INFO ] [2023-08-15 16:14:36,887] Pre-Condition - Step 02: Enter to Firstname textbox with value is 'Automation'
[INFO ] [2023-08-15 16:14:37,079] Pre-Condition - Step 03: Enter to Lastname textbox with value is 'FC'
[INFO ] [2023-08-15 16:14:37,234] Pre-Condition - Step 04: Enter to Email textbox with value is 'afc7939@gmail.vn'
[INFO ] [2023-08-15 16:14:37,401] Pre-Condition - Step 05: Enter to Password textbox with value is '123456'
[INFO ] [2023-08-15 16:14:37,558] Pre-Condition - Step 06: Enter to Confirm Password with value is '123456'
[INFO ] [2023-08-15 16:14:37,720] Pre-Condition - Step 07: Click to 'Register' button 
[INFO ] [2023-08-15 16:14:38,513] Pre-Condition - Step 08: Verify Register success message is displayed
[INFO ] [2023-08-15 16:16:18,899] Pre-Condition - Step 01: Navigate to 'Register' page
[INFO ] [2023-08-15 16:16:19,753] Pre-Condition - Step 02: Enter to Firstname textbox with value is 'Automation'
[INFO ] [2023-08-15 16:16:20,162] Pre-Condition - Step 03: Enter to Lastname textbox with value is 'FC'
[INFO ] [2023-08-15 16:16:20,510] Pre-Condition - Step 04: Enter to Email textbox with value is 'afc2065@gmail.vn'
[INFO ] [2023-08-15 16:16:20,881] Pre-Condition - Step 05: Enter to Password textbox with value is '123456'
[INFO ] [2023-08-15 16:16:21,157] Pre-Condition - Step 06: Enter to Confirm Password with value is '123456'
[INFO ] [2023-08-15 16:16:21,387] Pre-Condition - Step 07: Click to 'Register' button 
[INFO ] [2023-08-15 16:16:22,293] Pre-Condition - Step 08: Verify Register success message is displayed
[INFO ] [2023-08-15 16:16:36,809] Pre-Condition - Step 01: Navigate to 'Register' page
[INFO ] [2023-08-15 16:16:37,537] Pre-Condition - Step 02: Enter to Firstname textbox with value is 'Automation'
[INFO ] [2023-08-15 16:16:37,890] Pre-Condition - Step 03: Enter to Lastname textbox with value is 'FC'
[INFO ] [2023-08-15 16:16:38,150] Pre-Condition - Step 04: Enter to Email textbox with value is 'afc4044@gmail.vn'
[INFO ] [2023-08-15 16:16:38,420] Pre-Condition - Step 05: Enter to Password textbox with value is '123456'
[INFO ] [2023-08-15 16:16:38,687] Pre-Condition - Step 06: Enter to Confirm Password with value is '123456'
[INFO ] [2023-08-15 16:16:38,968] Pre-Condition - Step 07: Click to 'Register' button 
[INFO ] [2023-08-15 16:16:39,832] Pre-Condition - Step 08: Verify Register success message is displayed
[INFO ] [2023-08-15 16:26:45,985] Pre-Condition - Step 01: Navigate to 'Register' page
[INFO ] [2023-08-15 16:26:46,594] Pre-Condition - Step 02: Enter to Firstname textbox with value is 'Automation'
[INFO ] [2023-08-15 16:26:46,808] Pre-Condition - Step 03: Enter to Lastname textbox with value is 'FC'
[INFO ] [2023-08-15 16:26:47,007] Pre-Condition - Step 04: Enter to Email textbox with value is 'afc5866@gmail.vn'
[INFO ] [2023-08-15 16:26:47,203] Pre-Condition - Step 05: Enter to Password textbox with value is '123456'
[INFO ] [2023-08-15 16:26:47,399] Pre-Condition - Step 06: Enter to Confirm Password with value is '123456'
[INFO ] [2023-08-15 16:26:47,592] Pre-Condition - Step 07: Click to 'Register' button 
[INFO ] [2023-08-15 16:26:48,407] Pre-Condition - Step 08: Verify Register success message is displayed
[INFO ] [2023-08-15 16:27:41,090] Pre-Condition - Step 01: Navigate to 'Register' page
[INFO ] [2023-08-15 16:27:41,624] Pre-Condition - Step 02: Enter to Firstname textbox with value is 'Automation'
[INFO ] [2023-08-15 16:27:41,774] Pre-Condition - Step 03: Enter to Lastname textbox with value is 'FC'
[INFO ] [2023-08-15 16:27:41,898] Pre-Condition - Step 04: Enter to Email textbox with value is 'afc6453@gmail.vn'
[INFO ] [2023-08-15 16:27:42,017] Pre-Condition - Step 05: Enter to Password textbox with value is '123456'
[INFO ] [2023-08-15 16:27:42,140] Pre-Condition - Step 06: Enter to Confirm Password with value is '123456'
[INFO ] [2023-08-15 16:27:42,263] Pre-Condition - Step 07: Click to 'Register' button 
[INFO ] [2023-08-15 16:27:42,972] Pre-Condition - Step 08: Verify Register success message is displayed
[INFO ] [2023-08-15 16:29:53,370] Pre-Condition - Step 01: Navigate to 'Register' page
[INFO ] [2023-08-15 16:29:53,933] Pre-Condition - Step 02: Enter to Firstname textbox with value is 'Automation'
[INFO ] [2023-08-15 16:29:54,119] Pre-Condition - Step 03: Enter to Lastname textbox with value is 'FC'
[INFO ] [2023-08-15 16:29:54,273] Pre-Condition - Step 04: Enter to Email textbox with value is 'afc6715@gmail.vn'
[INFO ] [2023-08-15 16:29:54,428] Pre-Condition - Step 05: Enter to Password textbox with value is '123456'
[INFO ] [2023-08-15 16:29:54,577] Pre-Condition - Step 06: Enter to Confirm Password with value is '123456'
[INFO ] [2023-08-15 16:29:54,716] Pre-Condition - Step 07: Click to 'Register' button 
[INFO ] [2023-08-15 16:29:55,446] Pre-Condition - Step 08: Verify Register success message is displayed
[INFO ] [2023-08-15 17:07:33,860] Pre-Condition - Step 01: Navigate to 'Register' page
[INFO ] [2023-08-15 17:07:34,510] Pre-Condition - Step 02: Enter to Firstname textbox with value is 'Automation'
[INFO ] [2023-08-15 17:07:34,871] Pre-Condition - Step 03: Enter to Lastname textbox with value is 'FC'
[INFO ] [2023-08-15 17:07:35,082] Pre-Condition - Step 04: Enter to Email textbox with value is 'afc3866@gmail.vn'
[INFO ] [2023-08-15 17:07:35,271] Pre-Condition - Step 05: Enter to Password textbox with value is '123456'
[INFO ] [2023-08-15 17:07:35,461] Pre-Condition - Step 06: Enter to Confirm Password with value is '123456'
[INFO ] [2023-08-15 17:07:35,637] Pre-Condition - Step 07: Click to 'Register' button 
[INFO ] [2023-08-15 17:07:36,413] Pre-Condition - Step 08: Verify Register success message is displayed
[INFO ] [2023-08-15 17:07:36,792] OS name = windows 10
[INFO ] [2023-08-15 17:07:36,793] Driver instance name = chromedriver: chrome on windows (99d52b93233d9f4a2aba86b1f3a21224)
[INFO ] [2023-08-15 17:08:13,745] Pre-Condition - Step 01: Navigate to 'Register' page
[INFO ] [2023-08-15 17:08:14,413] Pre-Condition - Step 02: Enter to Firstname textbox with value is 'Automation'
[INFO ] [2023-08-15 17:08:14,701] Pre-Condition - Step 03: Enter to Lastname textbox with value is 'FC'
[INFO ] [2023-08-15 17:08:14,933] Pre-Condition - Step 04: Enter to Email textbox with value is 'afc7494@gmail.vn'
[INFO ] [2023-08-15 17:08:15,172] Pre-Condition - Step 05: Enter to Password textbox with value is '123456'
[INFO ] [2023-08-15 17:08:15,409] Pre-Condition - Step 06: Enter to Confirm Password with value is '123456'
[INFO ] [2023-08-15 17:08:15,640] Pre-Condition - Step 07: Click to 'Register' button 
[INFO ] [2023-08-15 17:08:16,426] Pre-Condition - Step 08: Verify Register success message is displayed
[INFO ] [2023-08-15 17:08:16,751] OS name = windows 10
[INFO ] [2023-08-15 17:08:16,752] Driver instance name = chromedriver: chrome on windows (b45fb9d65074fa91d5010590185294fe)
[INFO ] [2023-08-17 01:37:28,274] OS name = windows 10
[INFO ] [2023-08-17 01:37:28,275] Cannot invoke "Object.toString()" because "this.driver" is null
[INFO ] [2023-08-17 01:38:22,019] Register - Step 01: Navigate to 'Register' page
[INFO ] [2023-08-17 01:38:22,569] Register - Step 02: Enter to Firstname textbox with value is 'Automation'
[INFO ] [2023-08-17 01:38:22,747] Register - Step 03: Enter to Lastname textbox with value is 'FC'
[INFO ] [2023-08-17 01:38:22,908] Register - Step 04: Enter to Email textbox with value is 'afc290@gmail.vn'
[INFO ] [2023-08-17 01:38:23,040] Register - Step 05: Enter to Password textbox with value is '123456'
[INFO ] [2023-08-17 01:38:23,167] Register - Step 06: Enter to Confirm Password with value is '123456'
[INFO ] [2023-08-17 01:38:23,291] Register - Step 07: Click to 'Register' button 
[INFO ] [2023-08-17 01:38:24,594] Register - Step 08: Verify Register success message is displayed
[INFO ] [2023-08-17 01:38:24,713] Login - Step 01: Navigate to Login page
[INFO ] [2023-08-17 01:38:25,113] Login - Step 02: Enter to Email textbox with value is 'afc290@gmail.vn'
[INFO ] [2023-08-17 01:38:25,211] Login - Step 03: Enter to Password textbox with value is '123456'
[INFO ] [2023-08-17 01:38:25,303] Login - Step 04: Click to 'Login' button 
[INFO ] [2023-08-17 01:38:25,365] Login - Step 05: Verify 'My Account' link is displayed
[INFO ] [2023-08-17 01:38:55,434] OS name = windows 10
[INFO ] [2023-08-17 01:38:55,435] Driver instance name = chromedriver: chrome on windows (5f76d7a4d1b9c0ee8231f86123c53f4a)
[INFO ] [2023-08-17 04:23:14,324] Register - Step 01: Navigate to 'Register' page
[INFO ] [2023-08-17 04:23:15,038] Register - Step 02: Enter to Firstname textbox with value is 'Automation'
[INFO ] [2023-08-17 04:23:15,151] Register - Step 03: Enter to Lastname textbox with value is 'FC'
[INFO ] [2023-08-17 04:23:15,518] Register - Step 04: Enter to Email textbox with value is 'afc8708@gmail.vn'
[INFO ] [2023-08-17 04:23:15,655] Register - Step 05: Enter to Password textbox with value is '123456'
[INFO ] [2023-08-17 04:23:15,747] Register - Step 06: Enter to Confirm Password with value is '123456'
[INFO ] [2023-08-17 04:23:25,862] Register - Step 07: Click to 'Register' button 
[INFO ] [2023-08-17 04:23:26,635] Register - Step 08: Verify Register success message is displayed
[INFO ] [2023-08-17 04:23:26,764] Login - Step 01: Navigate to Login page
[INFO ] [2023-08-17 04:23:27,159] Login - Step 02: Enter to Email textbox with value is 'afc8708@gmail.vn'
[INFO ] [2023-08-17 04:23:27,250] Login - Step 03: Enter to Password textbox with value is '123456'
[INFO ] [2023-08-17 04:23:27,337] Login - Step 04: Click to 'Login' button 
[INFO ] [2023-08-17 04:23:27,404] Login - Step 05: Verify 'My Account' link is displayed
[INFO ] [2023-08-17 04:23:57,440] OS name = windows 10
[INFO ] [2023-08-17 04:23:57,440] Driver instance name = chromedriver: chrome on windows (d490f21cb576620d33e7b14cdba0bac1)
[INFO ] [2023-08-17 04:26:09,769] Register - Step 01: Navigate to 'Register' page
[INFO ] [2023-08-17 04:26:11,033] Register - Step 02: Enter to Firstname textbox with value is 'Automation'
[INFO ] [2023-08-17 04:26:11,147] Register - Step 03: Enter to Lastname textbox with value is 'FC'
[INFO ] [2023-08-17 04:26:11,533] Register - Step 04: Enter to Email textbox with value is 'afc727@gmail.vn'
[INFO ] [2023-08-17 04:26:11,698] Register - Step 05: Enter to Password textbox with value is '123456'
[INFO ] [2023-08-17 04:26:11,788] Register - Step 06: Enter to Confirm Password with value is '123456'
[INFO ] [2023-08-17 04:26:21,882] Register - Step 07: Click to 'Register' button 
[INFO ] [2023-08-17 04:26:22,724] Register - Step 08: Verify Register success message is displayed
[INFO ] [2023-08-17 04:26:22,846] Login - Step 01: Navigate to Login page
[INFO ] [2023-08-17 04:26:23,254] Login - Step 02: Enter to Email textbox with value is 'afc727@gmail.vn'
[INFO ] [2023-08-17 04:26:23,347] Login - Step 03: Enter to Password textbox with value is '123456'
[INFO ] [2023-08-17 04:26:23,435] Login - Step 04: Click to 'Login' button 
[INFO ] [2023-08-17 04:26:23,518] Login - Step 05: Verify 'My Account' link is displayed
[INFO ] [2023-08-17 04:26:53,556] OS name = windows 10
[INFO ] [2023-08-17 04:26:53,556] Driver instance name = chromedriver: chrome on windows (5da2c10dd519e5e4910f182597131c39)
[INFO ] [2023-08-17 04:27:37,414] Register - Step 01: Navigate to 'Register' page
[INFO ] [2023-08-17 04:27:38,059] Register - Step 02: Enter to Firstname textbox with value is 'Automation'
[INFO ] [2023-08-17 04:27:38,173] Register - Step 03: Enter to Lastname textbox with value is 'FC'
[INFO ] [2023-08-17 04:27:38,542] Register - Step 04: Enter to Email textbox with value is 'afc1532@gmail.vn'
[INFO ] [2023-08-17 04:27:38,678] Register - Step 05: Enter to Password textbox with value is '123456'
[INFO ] [2023-08-17 04:27:38,770] Register - Step 06: Enter to Confirm Password with value is '123456'
[INFO ] [2023-08-17 04:27:48,868] Register - Step 07: Click to 'Register' button 
[INFO ] [2023-08-17 04:27:49,633] Register - Step 08: Verify Register success message is displayed
[INFO ] [2023-08-17 04:27:49,752] Login - Step 01: Navigate to Login page
[INFO ] [2023-08-17 04:27:50,136] Login - Step 02: Enter to Email textbox with value is 'afc1532@gmail.vn'
[INFO ] [2023-08-17 04:27:50,228] Login - Step 03: Enter to Password textbox with value is '123456'
[INFO ] [2023-08-17 04:27:50,327] Login - Step 04: Click to 'Login' button 
[INFO ] [2023-08-17 04:27:50,400] Login - Step 05: Verify 'My Account' link is displayed
[INFO ] [2023-08-17 04:28:20,431] OS name = windows 10
[INFO ] [2023-08-17 04:28:20,432] Driver instance name = chromedriver: chrome on windows (91ee99e40474921c9e8263dedfaec3ca)
[INFO ] [2023-08-17 11:43:53,448] Register - Step 01: Navigate to 'Register' page
[INFO ] [2023-08-17 11:43:55,047] Register - Step 02: Enter to Firstname textbox with value is 'Automation'
[INFO ] [2023-08-17 11:43:55,191] Register - Step 03: Enter to Lastname textbox with value is 'FC'
[INFO ] [2023-08-17 11:43:55,661] Register - Step 04: Enter to Email textbox with value is 'afc258@gmail.vn'
[INFO ] [2023-08-17 11:43:55,835] Register - Step 05: Enter to Password textbox with value is '123456'
[INFO ] [2023-08-17 11:43:55,965] Register - Step 06: Enter to Confirm Password with value is '123456'
[INFO ] [2023-08-17 11:44:06,095] Register - Step 07: Click to 'Register' button 
[INFO ] [2023-08-17 11:44:07,363] Register - Step 08: Verify Register success message is displayed
[INFO ] [2023-08-17 11:44:07,415] Register - Step 09: Click to the 'Logo'
[INFO ] [2023-08-17 11:44:07,905] Login - Step 01: Navigate to Login page
[INFO ] [2023-08-17 11:44:08,275] Login - Step 02: Enter to Email textbox with value is 'afc258@gmail.vn'
[INFO ] [2023-08-17 11:44:08,372] Login - Step 03: Enter to Password textbox with value is '123456'
[INFO ] [2023-08-17 11:44:08,458] Login - Step 04: Click to 'Login' button 
[INFO ] [2023-08-17 11:44:08,519] Login - Step 05: Verify 'My Account' link is displayed
[INFO ] [2023-08-17 11:44:38,578] MyAccount - Step 01: Navigate to 'My Account' page
[INFO ] [2023-08-17 11:45:08,684] OS name = windows 10
[INFO ] [2023-08-17 11:45:08,684] Driver instance name = chromedriver: chrome on windows (5e9a0003ab1d9321821017b061da5531)
[INFO ] [2023-08-17 11:47:03,127] Register - Step 01: Navigate to 'Register' page
[INFO ] [2023-08-17 11:47:03,772] Register - Step 02: Enter to Firstname textbox with value is 'Automation'
[INFO ] [2023-08-17 11:47:03,882] Register - Step 03: Enter to Lastname textbox with value is 'FC'
[INFO ] [2023-08-17 11:47:04,267] Register - Step 04: Enter to Email textbox with value is 'afc2560@gmail.vn'
[INFO ] [2023-08-17 11:47:04,406] Register - Step 05: Enter to Password textbox with value is '123456'
[INFO ] [2023-08-17 11:47:04,499] Register - Step 06: Enter to Confirm Password with value is '123456'
[INFO ] [2023-08-17 11:47:14,604] Register - Step 07: Click to 'Register' button 
[INFO ] [2023-08-17 11:47:15,293] Register - Step 08: Verify Register success message is displayed
[INFO ] [2023-08-17 11:47:15,346] Register - Step 09: Click to the 'Logo'
[INFO ] [2023-08-17 11:47:15,827] Login - Step 01: Navigate to Login page
[INFO ] [2023-08-17 11:47:16,210] Login - Step 02: Enter to Email textbox with value is 'afc2560@gmail.vn'
[INFO ] [2023-08-17 11:47:16,298] Login - Step 03: Enter to Password textbox with value is '123456'
[INFO ] [2023-08-17 11:47:16,388] Login - Step 04: Click to 'Login' button 
[INFO ] [2023-08-17 11:47:17,043] Login - Step 05: Verify 'My Account' link is displayed
[INFO ] [2023-08-17 11:47:17,100] MyAccount - Step 01: Navigate to 'My Account' page
[INFO ] [2023-08-17 11:47:17,473] MyAccount - Step 02: Verify 'Customer Infor' page is displayed
[INFO ] [2023-08-17 11:47:17,517] MyAccount - Step 03: Verify 'First Name' value is correctly
[INFO ] [2023-08-17 11:47:17,554] MyAccount - Step 04: Verify 'Last Name' value is correctly
[INFO ] [2023-08-17 11:47:17,589] MyAccount - Step 05: Verify 'Email' value is correctly
[INFO ] [2023-08-17 11:47:17,630] OS name = windows 10
[INFO ] [2023-08-17 11:47:17,630] Driver instance name = chromedriver: chrome on windows (8b13e9514be13ef2f0c919a2112f517d)
[INFO ] [2023-08-23 12:16:05,647] Pre-Condition - Step 01: Open browser and admin Url
[INFO ] [2023-08-23 12:16:14,096] Pre-Condition - Step 02: Enter to Username textbox with value: automationfc
[INFO ] [2023-08-23 12:16:14,304] Pre-Condition - Step 03: Enter to Password textbox: automationfc@6768979906
[INFO ] [2023-08-23 12:16:14,420] Pre-Condition - Step 04: Click to Login button
[INFO ] [2023-08-23 12:16:18,502] Create_Post - Step 01: Click to 'Post' menu link
[INFO ] [2023-08-23 12:16:20,722] Create_Post - Step 02: Get 'Search Posts' page Url'
[INFO ] [2023-08-23 12:16:20,730] Create_Post - Step 03: Click to 'Add New' button
[INFO ] [2023-08-23 12:16:24,168] Create_Post - Step 04: Enter to post title
[INFO ] [2023-08-23 12:16:25,158] Create_Post - Step 05: Enter to body
[INFO ] [2023-08-23 12:16:25,606] Create_Post - Step 06: Click to 'Publish' button
[INFO ] [2023-08-23 12:16:25,752] Create_Post - Step 07: Verify 'Post published' message is displayed
[INFO ] [2023-08-23 12:16:32,435]  -------------------------- PASSED -------------------------- 
[INFO ] [2023-08-23 12:16:32,542] Search_Post - Step 01: Open 'Search Post' page
[INFO ] [2023-08-23 12:16:36,206] OS name = windows 10
[INFO ] [2023-08-23 12:16:36,207] Driver instance name = chromedriver: chrome on windows (55358dc48744d9a3eb0704a053788e7e)
[INFO ] [2023-08-23 16:34:28,188] Pre-Condition - Step 01: Open browser and admin Url
[INFO ] [2023-08-23 16:34:37,781] Pre-Condition - Step 02: Enter to Username textbox with value: automationfc
[INFO ] [2023-08-23 16:34:37,991] Pre-Condition - Step 03: Enter to Password textbox: automationfc@6768979906
[INFO ] [2023-08-23 16:34:38,114] Pre-Condition - Step 04: Click to Login button
[INFO ] [2023-08-23 16:34:47,027] Create_Post - Step 01: Click to 'Post' menu link
[INFO ] [2023-08-23 16:34:50,729] Create_Post - Step 02: Get 'Search Posts' page Url'
[INFO ] [2023-08-23 16:34:50,749] Create_Post - Step 03: Click to 'Add New' button
[INFO ] [2023-08-23 16:34:56,344] Create_Post - Step 04: Enter to post title
[INFO ] [2023-08-23 16:34:57,897] Create_Post - Step 05: Enter to body
[INFO ] [2023-08-23 16:34:58,700] Create_Post - Step 06: Click to 'Publish' button
[INFO ] [2023-08-23 16:34:59,015] Create_Post - Step 07: Verify 'Post published' message is displayed
[INFO ] [2023-08-23 16:35:10,912]  -------------------------- PASSED -------------------------- 
[INFO ] [2023-08-23 16:35:11,154] Search_Post - Step 01: Open 'Search Post' page
[INFO ] [2023-08-23 16:35:16,008] OS name = windows 10
[INFO ] [2023-08-23 16:35:16,009] Driver instance name = chromedriver: chrome on windows (32bc0fe9237ff970c65a0b1855a09ef4)
[INFO ] [2023-08-23 16:35:23,744] Pre-Condition - Step 01: Open browser and admin Url
[INFO ] [2023-08-23 16:35:31,282] Pre-Condition - Step 02: Enter to Username textbox with value: automationfc
[INFO ] [2023-08-23 16:35:31,466] Pre-Condition - Step 03: Enter to Password textbox: automationfc@6768979906
[INFO ] [2023-08-23 16:35:31,581] Pre-Condition - Step 04: Click to Login button
[INFO ] [2023-08-23 16:35:35,706] Create_Post - Step 01: Click to 'Post' menu link
[INFO ] [2023-08-23 16:35:38,037] Create_Post - Step 02: Get 'Search Posts' page Url'
[INFO ] [2023-08-23 16:35:38,049] Create_Post - Step 03: Click to 'Add New' button
[INFO ] [2023-08-23 16:35:41,496] Create_Post - Step 04: Enter to post title
[INFO ] [2023-08-23 16:35:42,320] Create_Post - Step 05: Enter to body
[INFO ] [2023-08-23 16:35:42,702] Create_Post - Step 06: Click to 'Publish' button
[INFO ] [2023-08-23 16:35:42,836] Create_Post - Step 07: Verify 'Post published' message is displayed
[INFO ] [2023-08-23 16:35:53,053]  -------------------------- PASSED -------------------------- 
[INFO ] [2023-08-23 16:35:53,161] Search_Post - Step 01: Open 'Search Post' page
[INFO ] [2023-08-23 16:35:55,492] OS name = windows 10
[INFO ] [2023-08-23 16:35:55,494] Driver instance name = chromedriver: chrome on windows (ba74e627f2317626e42ccaba4045e9c9)
[INFO ] [2023-08-27 00:51:15,957] Pre-Condition - Step 01: Open browser and Admin site
[INFO ] [2023-08-27 00:51:44,825] Pre-Condition - Step 02: Enter to Username textbox with value: automationfc
[INFO ] [2023-08-27 00:51:45,019] Pre-Condition - Step 03: Enter to Password textbox: automationfc@6768979906
[INFO ] [2023-08-27 00:51:45,130] Pre-Condition - Step 04: Click to Login button
[INFO ] [2023-08-27 00:51:56,057] Create_Post - Step 01: Click to 'Post' menu link
[INFO ] [2023-08-27 00:51:59,973] Create_Post - Step 02: Get 'Search Posts' page Url'
[INFO ] [2023-08-27 00:51:59,985] Create_Post - Step 03: Click to 'Add New' button
[INFO ] [2023-08-27 00:52:07,106] Create_Post - Step 04: Enter to post title
[INFO ] [2023-08-27 00:52:08,313] Create_Post - Step 05: Enter to body
[INFO ] [2023-08-27 00:52:09,007] Create_Post - Step 06: Click to 'Publish' button
[INFO ] [2023-08-27 00:52:09,300] Create_Post - Step 07: Verify 'Post published' message is displayed
[INFO ] [2023-08-27 00:52:26,083]  -------------------------- PASSED -------------------------- 
[INFO ] [2023-08-27 00:52:26,298] Search_Post - Step 01: Open 'Search Post' page
[INFO ] [2023-08-27 00:52:32,581] Search_Post - Step 02: Enter to Search textbox
[INFO ] [2023-08-27 00:52:32,778] Search_Post - Step 03: Click to 'Search Posts' button
[INFO ] [2023-08-27 00:52:40,846] Search_Post - Step 04: Verify Search table contains 'Live Coding Title 1393'
[INFO ] [2023-08-27 00:53:11,086] OS name = windows 10
[INFO ] [2023-08-27 00:53:11,086] Driver instance name = chromedriver: chrome on windows (5406df8b24add17a0876f12dbd24da25)
[INFO ] [2023-08-27 00:55:39,393] Pre-Condition - Step 01: Open browser and Admin site
[INFO ] [2023-08-27 00:55:48,225] Pre-Condition - Step 02: Enter to Username textbox with value: automationfc
[INFO ] [2023-08-27 00:55:48,411] Pre-Condition - Step 03: Enter to Password textbox: automationfc@6768979906
[INFO ] [2023-08-27 00:55:48,523] Pre-Condition - Step 04: Click to Login button
[INFO ] [2023-08-27 00:55:56,552] Create_Post - Step 01: Click to 'Post' menu link
[INFO ] [2023-08-27 00:56:00,786] Create_Post - Step 02: Get 'Search Posts' page Url'
[INFO ] [2023-08-27 00:56:00,795] Create_Post - Step 03: Click to 'Add New' button
[INFO ] [2023-08-27 00:56:06,729] Create_Post - Step 04: Enter to post title
[INFO ] [2023-08-27 00:56:08,020] Create_Post - Step 05: Enter to body
[INFO ] [2023-08-27 00:56:08,692] Create_Post - Step 06: Click to 'Publish' button
[INFO ] [2023-08-27 00:56:08,930] Create_Post - Step 07: Verify 'Post published' message is displayed
[INFO ] [2023-08-27 00:56:25,349]  -------------------------- PASSED -------------------------- 
[INFO ] [2023-08-27 00:56:25,536] Search_Post - Step 01: Open 'Search Post' page
[INFO ] [2023-08-27 00:56:30,289] Search_Post - Step 02: Enter to Search textbox
[INFO ] [2023-08-27 00:56:30,437] Search_Post - Step 03: Click to 'Search Posts' button
[INFO ] [2023-08-27 00:56:38,214] Search_Post - Step 04: Verify Search table contains 'Live Coding Title 9815'
[INFO ] [2023-08-27 00:57:08,437] OS name = windows 10
[INFO ] [2023-08-27 00:57:08,437] Driver instance name = chromedriver: chrome on windows (0245bc068a841318c94e9a9bd13a9e4f)
[INFO ] [2023-08-27 01:01:37,980] Pre-Condition - Step 01: Open browser and Admin site
[INFO ] [2023-08-27 01:01:46,732] Pre-Condition - Step 02: Enter to Username textbox with value: automationfc
[INFO ] [2023-08-27 01:01:46,967] Pre-Condition - Step 03: Enter to Password textbox: automationfc@6768979906
[INFO ] [2023-08-27 01:01:47,133] Pre-Condition - Step 04: Click to Login button
[INFO ] [2023-08-27 01:01:54,949] Create_Post - Step 01: Click to 'Post' menu link
[INFO ] [2023-08-27 01:01:59,416] Create_Post - Step 02: Get 'Search Posts' page Url'
[INFO ] [2023-08-27 01:01:59,424] Create_Post - Step 03: Click to 'Add New' button
[INFO ] [2023-08-27 01:02:05,199] Create_Post - Step 04: Enter to post title
[INFO ] [2023-08-27 01:02:06,022] Create_Post - Step 05: Enter to body
[INFO ] [2023-08-27 01:02:06,418] Create_Post - Step 06: Click to 'Publish' button
[INFO ] [2023-08-27 01:02:06,545] Create_Post - Step 07: Verify 'Post published' message is displayed
[INFO ] [2023-08-27 01:02:13,219]  -------------------------- PASSED -------------------------- 
[INFO ] [2023-08-27 01:02:13,308] Search_Post - Step 01: Open 'Search Post' page
[INFO ] [2023-08-27 01:02:17,513] Search_Post - Step 02: Enter to Search textbox
[INFO ] [2023-08-27 01:02:17,674] Search_Post - Step 03: Click to 'Search Posts' button
[INFO ] [2023-08-27 01:02:24,448] Search_Post - Step 04: Verify Search table contains 'Live Coding Title 6714'
[INFO ] [2023-08-27 01:02:24,522]  -------------------------- PASSED -------------------------- 
[INFO ] [2023-08-27 01:02:24,522] Search_Post - Step 05: Verify Search table contains 'Automation FC'
[INFO ] [2023-08-27 01:02:54,730] OS name = windows 10
[INFO ] [2023-08-27 01:02:54,730] Driver instance name = chromedriver: chrome on windows (11b6842e22ff6ff6ae5b81502fdd6287)
[INFO ] [2023-08-27 01:12:03,987] Pre-Condition - Step 01: Open browser and Admin site
[INFO ] [2023-08-27 01:12:11,949] Pre-Condition - Step 02: Enter to Username textbox with value: automationfc
[INFO ] [2023-08-27 01:12:12,144] Pre-Condition - Step 03: Enter to Password textbox: automationfc@6768979906
[INFO ] [2023-08-27 01:12:12,267] Pre-Condition - Step 04: Click to Login button
[INFO ] [2023-08-27 01:12:20,529] Create_Post - Step 01: Click to 'Post' menu link
[INFO ] [2023-08-27 01:12:24,816] Create_Post - Step 02: Get 'Search Posts' page Url'
[INFO ] [2023-08-27 01:12:24,823] Create_Post - Step 03: Click to 'Add New' button
[INFO ] [2023-08-27 01:12:31,052] Create_Post - Step 04: Enter to post title
[INFO ] [2023-08-27 01:12:32,413] Create_Post - Step 05: Enter to body
[INFO ] [2023-08-27 01:12:33,143] Create_Post - Step 06: Click to 'Publish' button
[INFO ] [2023-08-27 01:12:33,406] Create_Post - Step 07: Verify 'Post published' message is displayed
[INFO ] [2023-08-27 01:12:48,604]  -------------------------- PASSED -------------------------- 
[INFO ] [2023-08-27 01:12:48,784] Search_Post - Step 01: Open 'Search Post' page
[INFO ] [2023-08-27 01:12:54,284] Search_Post - Step 02: Enter to Search textbox
[INFO ] [2023-08-27 01:12:54,425] Search_Post - Step 03: Click to 'Search Posts' button
[INFO ] [2023-08-27 01:13:01,254] Search_Post - Step 04: Verify Search table contains 'Live Coding Title 9075'
[INFO ] [2023-08-27 01:13:01,328]  -------------------------- PASSED -------------------------- 
[INFO ] [2023-08-27 01:13:01,328] Search_Post - Step 05: Verify Search table contains 'Automation FC'
[INFO ] [2023-08-27 01:13:27,860] Pre-Condition - Step 01: Open browser and Admin site
[INFO ] [2023-08-27 01:13:34,896] Pre-Condition - Step 02: Enter to Username textbox with value: automationfc
[INFO ] [2023-08-27 01:13:35,086] Pre-Condition - Step 03: Enter to Password textbox: automationfc@6768979906
[INFO ] [2023-08-27 01:13:35,217] Pre-Condition - Step 04: Click to Login button
[INFO ] [2023-08-27 01:13:44,149] Create_Post - Step 01: Click to 'Post' menu link
[INFO ] [2023-08-27 01:13:48,154] Create_Post - Step 02: Get 'Search Posts' page Url'
[INFO ] [2023-08-27 01:13:48,161] Create_Post - Step 03: Click to 'Add New' button
[INFO ] [2023-08-27 01:13:53,637] Create_Post - Step 04: Enter to post title
[INFO ] [2023-08-27 01:13:54,468] Create_Post - Step 05: Enter to body
[INFO ] [2023-08-27 01:13:54,906] Create_Post - Step 06: Click to 'Publish' button
[INFO ] [2023-08-27 01:13:55,048] Create_Post - Step 07: Verify 'Post published' message is displayed
[INFO ] [2023-08-27 01:14:02,180]  -------------------------- PASSED -------------------------- 
[INFO ] [2023-08-27 01:14:02,274] Search_Post - Step 01: Open 'Search Post' page
[INFO ] [2023-08-27 01:14:06,121] Search_Post - Step 02: Enter to Search textbox
[INFO ] [2023-08-27 01:14:06,270] Search_Post - Step 03: Click to 'Search Posts' button
[INFO ] [2023-08-27 01:14:13,342] Search_Post - Step 04: Verify Search table contains 'Live Coding Title 5235'
[INFO ] [2023-08-27 01:14:13,416]  -------------------------- PASSED -------------------------- 
[INFO ] [2023-08-27 01:14:13,416] Search_Post - Step 05: Verify Search table contains 'Automation FC'
[INFO ] [2023-08-27 01:14:43,682] OS name = windows 10
[INFO ] [2023-08-27 01:14:43,682] Driver instance name = chromedriver: chrome on windows (595f5793ca1310fa1e0e4c93c0877b9e)
[INFO ] [2023-08-27 01:17:15,356] Pre-Condition - Step 01: Open browser and Admin site
[INFO ] [2023-08-27 01:17:22,409] Pre-Condition - Step 02: Enter to Username textbox with value: automationfc
[INFO ] [2023-08-27 01:17:22,604] Pre-Condition - Step 03: Enter to Password textbox: automationfc@6768979906
[INFO ] [2023-08-27 01:17:22,724] Pre-Condition - Step 04: Click to Login button
[INFO ] [2023-08-27 01:17:29,893] Create_Post - Step 01: Click to 'Post' menu link
[INFO ] [2023-08-27 01:17:33,934] Create_Post - Step 02: Get 'Search Posts' page Url'
[INFO ] [2023-08-27 01:17:33,943] Create_Post - Step 03: Click to 'Add New' button
[INFO ] [2023-08-27 01:17:39,734] Create_Post - Step 04: Enter to post title
[INFO ] [2023-08-27 01:17:40,555] Create_Post - Step 05: Enter to body
[INFO ] [2023-08-27 01:17:41,103] Create_Post - Step 06: Click to 'Publish' button
[INFO ] [2023-08-27 01:17:41,379] Create_Post - Step 07: Verify 'Post published' message is displayed
[INFO ] [2023-08-27 01:18:01,187]  -------------------------- PASSED -------------------------- 
[INFO ] [2023-08-27 01:18:01,379] Search_Post - Step 01: Open 'Search Post' page
[INFO ] [2023-08-27 01:18:06,886] Search_Post - Step 02: Enter to Search textbox
[INFO ] [2023-08-27 01:18:07,064] Search_Post - Step 03: Click to 'Search Posts' button
[INFO ] [2023-08-27 01:18:15,208] Search_Post - Step 04: Verify Search table contains 'Live Coding Title 7693'
[INFO ] [2023-08-27 01:18:15,286]  -------------------------- PASSED -------------------------- 
[INFO ] [2023-08-27 01:18:15,286] Search_Post - Step 05: Verify Search table contains 'Automation FC'
[INFO ] [2023-08-27 01:18:45,513] OS name = windows 10
[INFO ] [2023-08-27 01:18:45,513] Driver instance name = chromedriver: chrome on windows (c9269e167c7fcd5c284aaea29822a5bf)
[INFO ] [2023-08-27 01:19:13,212] Pre-Condition - Step 01: Open browser and Admin site
[INFO ] [2023-08-27 01:19:20,881] Pre-Condition - Step 02: Enter to Username textbox with value: automationfc
[INFO ] [2023-08-27 01:19:21,059] Pre-Condition - Step 03: Enter to Password textbox: automationfc@6768979906
[INFO ] [2023-08-27 01:19:21,176] Pre-Condition - Step 04: Click to Login button
[INFO ] [2023-08-27 01:19:28,016] Create_Post - Step 01: Click to 'Post' menu link
[INFO ] [2023-08-27 01:19:33,066] Create_Post - Step 02: Get 'Search Posts' page Url'
[INFO ] [2023-08-27 01:19:33,073] Create_Post - Step 03: Click to 'Add New' button
[INFO ] [2023-08-27 01:19:39,671] Create_Post - Step 04: Enter to post title
[INFO ] [2023-08-27 01:19:40,992] Create_Post - Step 05: Enter to body
[INFO ] [2023-08-27 01:19:41,777] Create_Post - Step 06: Click to 'Publish' button
[INFO ] [2023-08-27 01:19:42,029] Create_Post - Step 07: Verify 'Post published' message is displayed
[INFO ] [2023-08-27 01:19:56,580]  -------------------------- PASSED -------------------------- 
[INFO ] [2023-08-27 01:19:56,673] Search_Post - Step 01: Open 'Search Post' page
[INFO ] [2023-08-27 01:20:00,856] Search_Post - Step 02: Enter to Search textbox
[INFO ] [2023-08-27 01:20:01,011] Search_Post - Step 03: Click to 'Search Posts' button
[INFO ] [2023-08-27 01:20:07,647] Search_Post - Step 04: Verify Search table contains 'Live Coding Title 9105'
[INFO ] [2023-08-27 01:20:07,757]  -------------------------- PASSED -------------------------- 
[INFO ] [2023-08-27 01:20:07,757] Search_Post - Step 05: Verify Search table contains 'automationfc'
[INFO ] [2023-08-27 01:20:07,825]  -------------------------- PASSED -------------------------- 
[INFO ] [2023-08-27 01:20:07,825] Search_Post - Step 06: Open End User site
[INFO ] [2023-08-27 01:20:11,985] Search_Post - Step 07: Verify Post infor displayed at Home Page
[INFO ] [2023-08-27 01:20:12,034]  -------------------------- PASSED -------------------------- 
[INFO ] [2023-08-27 01:20:12,083]  -------------------------- PASSED -------------------------- 
[INFO ] [2023-08-27 01:20:12,131]  -------------------------- PASSED -------------------------- 
[INFO ] [2023-08-27 01:20:42,314] OS name = windows 10
[INFO ] [2023-08-27 01:20:42,315] Driver instance name = chromedriver: chrome on windows (09de2fb7d93270f691d98928018d7073)
[INFO ] [2023-08-27 01:24:58,150] Pre-Condition - Step 01: Open browser and Admin site
[INFO ] [2023-08-27 01:25:05,584] Pre-Condition - Step 02: Enter to Username textbox with value: automationfc
[INFO ] [2023-08-27 01:25:05,812] Pre-Condition - Step 03: Enter to Password textbox: automationfc@6768979906
[INFO ] [2023-08-27 01:25:05,947] Pre-Condition - Step 04: Click to Login button
[INFO ] [2023-08-27 01:25:13,650] Create_Post - Step 01: Click to 'Post' menu link
[INFO ] [2023-08-27 01:25:17,853] Create_Post - Step 02: Get 'Search Posts' page Url'
[INFO ] [2023-08-27 01:25:17,861] Create_Post - Step 03: Click to 'Add New' button
[INFO ] [2023-08-27 01:25:23,601] Create_Post - Step 04: Enter to post title
[INFO ] [2023-08-27 01:25:24,466] Create_Post - Step 05: Enter to body
[INFO ] [2023-08-27 01:25:24,885] Create_Post - Step 06: Click to 'Publish' button
[INFO ] [2023-08-27 01:25:25,021] Create_Post - Step 07: Verify 'Post published' message is displayed
[INFO ] [2023-08-27 01:25:40,517]  -------------------------- PASSED -------------------------- 
[INFO ] [2023-08-27 01:25:40,681] Search_Post - Step 01: Open 'Search Post' page
[INFO ] [2023-08-27 01:25:46,168] Search_Post - Step 02: Enter to Search textbox
[INFO ] [2023-08-27 01:25:46,338] Search_Post - Step 03: Click to 'Search Posts' button
[INFO ] [2023-08-27 01:25:54,389] Search_Post - Step 04: Verify Search table contains 'Live Coding Title 4971'
[INFO ] [2023-08-27 01:25:54,466]  -------------------------- PASSED -------------------------- 
[INFO ] [2023-08-27 01:25:54,466] Search_Post - Step 05: Verify Search table contains 'automationfc'
[INFO ] [2023-08-27 01:25:54,530]  -------------------------- PASSED -------------------------- 
[INFO ] [2023-08-27 01:25:54,531] Search_Post - Step 06: Open End User site
[INFO ] [2023-08-27 01:25:58,235] Search_Post - Step 07: Verify Post infor displayed at Home Page
[INFO ] [2023-08-27 01:25:58,305]  -------------------------- PASSED -------------------------- 
[INFO ] [2023-08-27 01:25:58,376]  -------------------------- PASSED -------------------------- 
[INFO ] [2023-08-27 01:25:58,447]  -------------------------- PASSED -------------------------- 
[INFO ] [2023-08-27 01:26:28,638] OS name = windows 10
[INFO ] [2023-08-27 01:26:28,639] Driver instance name = chromedriver: chrome on windows (6d8ffbca514c63c1c1656903c10c6b59)
[INFO ] [2023-08-27 01:31:01,787] Pre-Condition - Step 01: Open browser and Admin site
[INFO ] [2023-08-27 01:31:09,256] Pre-Condition - Step 02: Enter to Username textbox with value: automationfc
[INFO ] [2023-08-27 01:31:09,481] Pre-Condition - Step 03: Enter to Password textbox: automationfc@6768979906
[INFO ] [2023-08-27 01:31:09,619] Pre-Condition - Step 04: Click to Login button
[INFO ] [2023-08-27 01:31:16,502] Create_Post - Step 01: Click to 'Post' menu link
[INFO ] [2023-08-27 01:31:20,793] Create_Post - Step 02: Get 'Search Posts' page Url'
[INFO ] [2023-08-27 01:31:20,801] Create_Post - Step 03: Click to 'Add New' button
[INFO ] [2023-08-27 01:31:26,664] Create_Post - Step 04: Enter to post title
[INFO ] [2023-08-27 01:31:27,445] Create_Post - Step 05: Enter to body
[INFO ] [2023-08-27 01:31:27,887] Create_Post - Step 06: Click to 'Publish' button
[INFO ] [2023-08-27 01:31:28,113] Create_Post - Step 07: Verify 'Post published' message is displayed
[INFO ] [2023-08-27 01:31:45,832]  -------------------------- PASSED -------------------------- 
[INFO ] [2023-08-27 01:31:46,045] Search_Post - Step 01: Open 'Search Post' page
[INFO ] [2023-08-27 01:31:50,957] Search_Post - Step 02: Enter to Search textbox
[INFO ] [2023-08-27 01:31:51,092] Search_Post - Step 03: Click to 'Search Posts' button
[INFO ] [2023-08-27 01:31:58,448] Search_Post - Step 04: Verify Search table contains 'Live Coding Title 1929'
[INFO ] [2023-08-27 01:31:58,545]  -------------------------- PASSED -------------------------- 
[INFO ] [2023-08-27 01:31:58,545] Search_Post - Step 05: Verify Search table contains 'automationfc'
[INFO ] [2023-08-27 01:31:58,598]  -------------------------- PASSED -------------------------- 
[INFO ] [2023-08-27 01:31:58,598] Search_Post - Step 06: Open End User site
[INFO ] [2023-08-27 01:32:02,254] Search_Post - Step 07: Verify Post infor displayed at Home Page
[INFO ] [2023-08-27 01:32:02,301]  -------------------------- PASSED -------------------------- 
[INFO ] [2023-08-27 01:32:02,346]  -------------------------- PASSED -------------------------- 
[INFO ] [2023-08-27 01:32:02,395]  -------------------------- PASSED -------------------------- 
[INFO ] [2023-08-27 01:32:02,438]  -------------------------- PASSED -------------------------- 
[INFO ] [2023-08-27 01:32:02,438] Search_Post - Step 08: Click to Post title
[INFO ] [2023-08-27 01:32:05,529] Search_Post - Step 09: Verify Post infor displayed at Post detail Page
[INFO ] [2023-08-27 01:32:05,577]  -------------------------- PASSED -------------------------- 
[INFO ] [2023-08-27 01:32:05,620]  -------------------------- PASSED -------------------------- 
[INFO ] [2023-08-27 01:32:05,670]  -------------------------- PASSED -------------------------- 
[INFO ] [2023-08-27 01:32:05,710]  -------------------------- PASSED -------------------------- 
[INFO ] [2023-08-27 01:32:05,730] OS name = windows 10
[INFO ] [2023-08-27 01:32:05,730] Driver instance name = chromedriver: chrome on windows (ac62e5899a7629210d4f33b5e4a03e9e)
[INFO ] [2023-08-28 07:00:41,253] Pre-Condition - Step 01: Open browser and Admin site
[INFO ] [2023-08-28 07:00:55,302] Pre-Condition - Step 02: Enter to Username textbox with value: automationfc
[INFO ] [2023-08-28 07:00:55,519] Pre-Condition - Step 03: Enter to Password textbox: automationfc@6768979906
[INFO ] [2023-08-28 07:00:55,651] Pre-Condition - Step 04: Click to Login button
[INFO ] [2023-08-28 07:01:05,110] Create_Post - Step 01: Click to 'Post' menu link
[INFO ] [2023-08-28 07:01:11,739] Create_Post - Step 02: Get 'Search Posts' page Url'
[INFO ] [2023-08-28 07:01:11,751] Create_Post - Step 03: Click to 'Add New' button
[INFO ] [2023-08-28 07:01:19,177] Create_Post - Step 04: Enter to post title
[INFO ] [2023-08-28 07:01:20,075] Create_Post - Step 05: Enter to body
[INFO ] [2023-08-28 07:01:20,502] Create_Post - Step 06: Click to 'Publish' button
[INFO ] [2023-08-28 07:01:20,641] Create_Post - Step 07: Verify 'Post published' message is displayed
[INFO ] [2023-08-28 07:01:29,144]  -------------------------- PASSED -------------------------- 
[INFO ] [2023-08-28 07:01:29,277] Search_Post - Step 01: Open 'Search Post' page
[INFO ] [2023-08-28 07:01:34,379] Search_Post - Step 02: Enter to Search textbox
[INFO ] [2023-08-28 07:01:34,556] Search_Post - Step 03: Click to 'Search Posts' button
[INFO ] [2023-08-28 07:01:43,660] Search_Post - Step 04: Verify Search table contains 'Live Coding Title 4281'
[INFO ] [2023-08-28 07:01:43,742]  -------------------------- PASSED -------------------------- 
[INFO ] [2023-08-28 07:01:43,742] Search_Post - Step 05: Verify Search table contains 'automationfc'
[INFO ] [2023-08-28 07:01:43,809]  -------------------------- PASSED -------------------------- 
[INFO ] [2023-08-28 07:01:43,809] Search_Post - Step 06: Open End User site
[INFO ] [2023-08-28 07:01:48,941] Search_Post - Step 07: Verify Post infor displayed at Home Page
[INFO ] [2023-08-28 07:01:49,002]  -------------------------- PASSED -------------------------- 
[INFO ] [2023-08-28 07:01:49,053]  -------------------------- PASSED -------------------------- 
[INFO ] [2023-08-28 07:01:49,109]  -------------------------- PASSED -------------------------- 
[INFO ] [2023-08-28 07:01:49,168]  -------------------------- PASSED -------------------------- 
[INFO ] [2023-08-28 07:01:49,168] Search_Post - Step 08: Click to Post title
[INFO ] [2023-08-28 07:01:52,801] Search_Post - Step 09: Verify Post infor displayed at Post detail Page
[INFO ] [2023-08-28 07:01:52,867]  -------------------------- PASSED -------------------------- 
[INFO ] [2023-08-28 07:01:52,926]  -------------------------- PASSED -------------------------- 
[INFO ] [2023-08-28 07:01:52,978]  -------------------------- PASSED -------------------------- 
[INFO ] [2023-08-28 07:01:53,032]  -------------------------- PASSED -------------------------- 
[INFO ] [2023-08-28 07:01:53,045] Edit_Post - Step 01: Open Admin site
[INFO ] [2023-08-28 07:01:57,031] Edit_Post - Step 02: Click to 'Posts' menu link
[INFO ] [2023-08-28 07:02:01,411] Edit_Post - Step 03: Enter to Search textbox
[INFO ] [2023-08-28 07:02:01,555] Edit_Post - Step 04: Click to 'Search Posts' button
[INFO ] [2023-08-28 07:02:09,696] Edit_Post - Step 05: Click to Post title link and navigate to Edit Post page
[INFO ] [2023-08-28 07:02:15,759] Edit_Post - Step 06: Enter to post title
[INFO ] [2023-08-28 07:02:16,482] Edit_Post - Step 07: Enter to body
[INFO ] [2023-08-28 07:02:16,783] Edit_Post - Step 08: Click to 'Update' button
[INFO ] [2023-08-28 07:02:16,925] Edit_Post - Step 09: Verify 'Post updated' message is displayed
[INFO ] [2023-08-28 07:02:23,995]  -------------------------- PASSED -------------------------- 
[INFO ] [2023-08-28 07:02:23,995] Edit_Post - Step 10: Open 'Search Post' page
[INFO ] [2023-08-28 07:02:29,161] Edit_Post - Step 11: Enter to Search textbox
[INFO ] [2023-08-28 07:02:29,326] Edit_Post - Step 12: Click to 'Search Posts' button
[INFO ] [2023-08-28 07:02:37,610] Edit_Post - Step 13: Verify Search table contains 'Edit Title4281'
[INFO ] [2023-08-28 07:02:37,693]  -------------------------- PASSED -------------------------- 
[INFO ] [2023-08-28 07:02:37,693] Edit_Post - Step 14: Verify Search table contains 'automationfc'
[INFO ] [2023-08-28 07:02:37,769]  -------------------------- PASSED -------------------------- 
[INFO ] [2023-08-28 07:02:37,769] Edit_Post - Step 15: Open End User site
[INFO ] [2023-08-28 07:02:42,476] Edit_Post - Step 16: Verify Post infor displayed at Home Page
[INFO ] [2023-08-28 07:02:42,531]  -------------------------- PASSED -------------------------- 
[INFO ] [2023-08-28 07:02:42,578]  -------------------------- PASSED -------------------------- 
[INFO ] [2023-08-28 07:02:42,625]  -------------------------- PASSED -------------------------- 
[INFO ] [2023-08-28 07:02:42,675]  -------------------------- PASSED -------------------------- 
[INFO ] [2023-08-28 07:02:42,675] Edit_Post - Step 17: Click to Post title
[INFO ] [2023-08-28 07:02:46,956] Edit_Post - Step 18: Verify Post infor displayed at Post detail Page
[INFO ] [2023-08-28 07:02:47,002]  -------------------------- PASSED -------------------------- 
[INFO ] [2023-08-28 07:02:47,049]  -------------------------- PASSED -------------------------- 
[INFO ] [2023-08-28 07:02:47,093]  -------------------------- PASSED -------------------------- 
[INFO ] [2023-08-28 07:02:47,142]  -------------------------- PASSED -------------------------- 
[INFO ] [2023-08-28 07:02:47,160] OS name = windows 10
[INFO ] [2023-08-28 07:02:47,161] Driver instance name = chromedriver: chrome on windows (f22dfab9f9d1ffc43e1209e916966809)
[INFO ] [2023-08-28 07:04:59,663] Pre-Condition - Step 01: Open browser and Admin site
[INFO ] [2023-08-28 07:05:10,100] Pre-Condition - Step 02: Enter to Username textbox with value: automationfc
[INFO ] [2023-08-28 07:05:10,328] Pre-Condition - Step 03: Enter to Password textbox: automationfc@6768979906
[INFO ] [2023-08-28 07:05:10,452] Pre-Condition - Step 04: Click to Login button
[INFO ] [2023-08-28 07:05:18,772] Create_Post - Step 01: Click to 'Post' menu link
[INFO ] [2023-08-28 07:05:23,693] Create_Post - Step 02: Get 'Search Posts' page Url'
[INFO ] [2023-08-28 07:05:23,707] Create_Post - Step 03: Click to 'Add New' button
[INFO ] [2023-08-28 07:05:29,959] Create_Post - Step 04: Enter to post title
[INFO ] [2023-08-28 07:05:30,831] Create_Post - Step 05: Enter to body
[INFO ] [2023-08-28 07:05:31,475] Create_Post - Step 06: Click to 'Publish' button
[INFO ] [2023-08-28 07:05:31,714] Create_Post - Step 07: Verify 'Post published' message is displayed
[INFO ] [2023-08-28 07:05:42,347]  -------------------------- PASSED -------------------------- 
[INFO ] [2023-08-28 07:05:42,483] Search_Post - Step 01: Open 'Search Post' page
[INFO ] [2023-08-28 07:05:47,871] Search_Post - Step 02: Enter to Search textbox
[INFO ] [2023-08-28 07:05:48,014] Search_Post - Step 03: Click to 'Search Posts' button
[INFO ] [2023-08-28 07:05:55,620] Search_Post - Step 04: Verify Search table contains 'Live Coding Title 8376'
[INFO ] [2023-08-28 07:05:55,703]  -------------------------- PASSED -------------------------- 
[INFO ] [2023-08-28 07:05:55,703] Search_Post - Step 05: Verify Search table contains 'automationfc'
[INFO ] [2023-08-28 07:05:55,789]  -------------------------- PASSED -------------------------- 
[INFO ] [2023-08-28 07:05:55,789] Search_Post - Step 06: Open End User site
[INFO ] [2023-08-28 07:05:59,903] Search_Post - Step 07: Verify Post infor displayed at Home Page
[INFO ] [2023-08-28 07:05:59,955]  -------------------------- PASSED -------------------------- 
[INFO ] [2023-08-28 07:06:00,005]  -------------------------- PASSED -------------------------- 
[INFO ] [2023-08-28 07:06:00,064]  -------------------------- PASSED -------------------------- 
[INFO ] [2023-08-28 07:06:00,113]  -------------------------- PASSED -------------------------- 
[INFO ] [2023-08-28 07:06:00,113] Search_Post - Step 08: Click to Post title
[INFO ] [2023-08-28 07:06:04,195] Search_Post - Step 09: Verify Post infor displayed at Post detail Page
[INFO ] [2023-08-28 07:06:04,249]  -------------------------- PASSED -------------------------- 
[INFO ] [2023-08-28 07:06:04,311]  -------------------------- PASSED -------------------------- 
[INFO ] [2023-08-28 07:06:04,383]  -------------------------- PASSED -------------------------- 
[INFO ] [2023-08-28 07:06:04,443]  -------------------------- PASSED -------------------------- 
[INFO ] [2023-08-28 07:06:04,457] Edit_Post - Step 01: Open Admin site
[INFO ] [2023-08-28 07:06:08,574] Edit_Post - Step 02: Click to 'Posts' menu link
[INFO ] [2023-08-28 07:06:12,948] Edit_Post - Step 03: Enter to Search textbox
[INFO ] [2023-08-28 07:06:13,100] Edit_Post - Step 04: Click to 'Search Posts' button
[INFO ] [2023-08-28 07:06:20,926] Edit_Post - Step 05: Click to Post title link and navigate to Edit Post page
[INFO ] [2023-08-28 07:06:27,229] Edit_Post - Step 06: Enter to post title
[INFO ] [2023-08-28 07:06:28,008] Edit_Post - Step 07: Enter to body
[INFO ] [2023-08-28 07:06:28,294] Edit_Post - Step 08: Click to 'Update' button
[INFO ] [2023-08-28 07:06:28,436] Edit_Post - Step 09: Verify 'Post updated' message is displayed
[INFO ] [2023-08-28 07:06:35,912]  -------------------------- PASSED -------------------------- 
[INFO ] [2023-08-28 07:06:35,912] Edit_Post - Step 10: Open 'Search Post' page
[INFO ] [2023-08-28 07:06:40,502] Edit_Post - Step 11: Enter to Search textbox
[INFO ] [2023-08-28 07:06:40,640] Edit_Post - Step 12: Click to 'Search Posts' button
[INFO ] [2023-08-28 07:06:48,430] Edit_Post - Step 13: Verify Search table contains 'Edit Title8376'
[INFO ] [2023-08-28 07:06:48,492]  -------------------------- PASSED -------------------------- 
[INFO ] [2023-08-28 07:06:48,493] Edit_Post - Step 14: Verify Search table contains 'automationfc'
[INFO ] [2023-08-28 07:06:48,563]  -------------------------- PASSED -------------------------- 
[INFO ] [2023-08-28 07:06:48,563] Edit_Post - Step 15: Open End User site
[INFO ] [2023-08-28 07:06:52,422] Edit_Post - Step 16: Verify Post infor displayed at Home Page
[INFO ] [2023-08-28 07:06:52,464]  -------------------------- PASSED -------------------------- 
[INFO ] [2023-08-28 07:06:52,508]  -------------------------- PASSED -------------------------- 
[INFO ] [2023-08-28 07:06:52,556]  -------------------------- PASSED -------------------------- 
[INFO ] [2023-08-28 07:06:52,597]  -------------------------- PASSED -------------------------- 
[INFO ] [2023-08-28 07:06:52,597] Edit_Post - Step 17: Click to Post title
[INFO ] [2023-08-28 07:06:56,243] Edit_Post - Step 18: Verify Post infor displayed at Post detail Page
[INFO ] [2023-08-28 07:06:56,310]  -------------------------- PASSED -------------------------- 
[INFO ] [2023-08-28 07:06:56,373]  -------------------------- PASSED -------------------------- 
[INFO ] [2023-08-28 07:06:56,434]  -------------------------- PASSED -------------------------- 
[INFO ] [2023-08-28 07:06:56,502]  -------------------------- PASSED -------------------------- 
[INFO ] [2023-08-28 07:06:56,541] OS name = windows 10
[INFO ] [2023-08-28 07:06:56,541] Driver instance name = chromedriver: chrome on windows (5541abdf7fd2dbd8e2b3b6b3b3e4d4eb)
[INFO ] [2023-08-28 10:56:03,606] Pre-Condition - Step 01: Open browser and Admin site
[INFO ] [2023-08-28 10:56:21,738] Pre-Condition - Step 02: Enter to Username textbox with value: automationfc
[INFO ] [2023-08-28 10:56:22,107] Pre-Condition - Step 03: Enter to Password textbox: automationfc@6768979906
[INFO ] [2023-08-28 10:56:22,361] Pre-Condition - Step 04: Click to Login button
[INFO ] [2023-08-28 10:56:35,954] Create_Post - Step 01: Click to 'Post' menu link
[INFO ] [2023-08-28 10:56:44,614] Create_Post - Step 02: Get 'Search Posts' page Url'
[INFO ] [2023-08-28 10:56:44,628] Create_Post - Step 03: Click to 'Add New' button
[INFO ] [2023-08-28 10:56:55,370] Create_Post - Step 04: Enter to post title
[INFO ] [2023-08-28 10:56:57,178] Create_Post - Step 05: Enter to body
[INFO ] [2023-08-28 10:56:57,747] Create_Post - Step 06: Click to 'Publish' button
[INFO ] [2023-08-28 10:56:57,964] Create_Post - Step 07: Verify 'Post published' message is displayed
[INFO ] [2023-08-28 10:57:07,171]  -------------------------- PASSED -------------------------- 
[INFO ] [2023-08-28 10:57:07,292] Search_Post - Step 01: Open 'Search Post' page
[INFO ] [2023-08-28 10:57:13,497] Search_Post - Step 02: Enter to Search textbox
[INFO ] [2023-08-28 10:57:13,812] Search_Post - Step 03: Click to 'Search Posts' button
[INFO ] [2023-08-28 10:57:22,715] Search_Post - Step 04: Verify Search table contains 'Live Coding Title 4713'
[INFO ] [2023-08-28 10:57:22,803]  -------------------------- PASSED -------------------------- 
[INFO ] [2023-08-28 10:57:22,803] Search_Post - Step 05: Verify Search table contains 'automationfc'
[INFO ] [2023-08-28 10:57:22,877]  -------------------------- PASSED -------------------------- 
[INFO ] [2023-08-28 10:57:22,877] Search_Post - Step 06: Open End User site
[INFO ] [2023-08-28 10:57:27,159] Search_Post - Step 07: Verify Post infor displayed at Home Page
[INFO ] [2023-08-28 10:57:27,228]  -------------------------- PASSED -------------------------- 
[INFO ] [2023-08-28 10:57:27,286]  -------------------------- PASSED -------------------------- 
[INFO ] [2023-08-28 10:57:27,343]  -------------------------- PASSED -------------------------- 
[INFO ] [2023-08-28 10:57:27,402]  -------------------------- PASSED -------------------------- 
[INFO ] [2023-08-28 10:57:27,402] Search_Post - Step 08: Click to Post title
[INFO ] [2023-08-28 10:57:31,304] Search_Post - Step 09: Verify Post infor displayed at Post detail Page
[INFO ] [2023-08-28 10:57:31,362]  -------------------------- PASSED -------------------------- 
[INFO ] [2023-08-28 10:57:31,420]  -------------------------- PASSED -------------------------- 
[INFO ] [2023-08-28 10:57:31,478]  -------------------------- PASSED -------------------------- 
[INFO ] [2023-08-28 10:57:31,539]  -------------------------- PASSED -------------------------- 
[INFO ] [2023-08-28 10:57:31,552] Edit_Post - Step 01: Open Admin site
[INFO ] [2023-08-28 10:57:36,582] Edit_Post - Step 02: Click to 'Posts' menu link
[INFO ] [2023-08-28 10:57:42,375] Edit_Post - Step 03: Enter to Search textbox
[INFO ] [2023-08-28 10:57:42,556] Edit_Post - Step 04: Click to 'Search Posts' button
[INFO ] [2023-08-28 10:57:50,439] Edit_Post - Step 05: Click to Post title link and navigate to Edit Post page
[INFO ] [2023-08-28 10:57:57,090] Edit_Post - Step 06: Enter to post title
[INFO ] [2023-08-28 10:57:57,993] Edit_Post - Step 07: Enter to body
[INFO ] [2023-08-28 10:57:58,390] Edit_Post - Step 08: Click to 'Update' button
[INFO ] [2023-08-28 10:57:58,576] Edit_Post - Step 09: Verify 'Post updated' message is displayed
[INFO ] [2023-08-28 10:58:05,927]  -------------------------- PASSED -------------------------- 
[INFO ] [2023-08-28 10:58:05,927] Edit_Post - Step 10: Open 'Search Post' page
[INFO ] [2023-08-28 10:58:11,714] Edit_Post - Step 11: Enter to Search textbox
[INFO ] [2023-08-28 10:58:12,353] Edit_Post - Step 12: Click to 'Search Posts' button
[INFO ] [2023-08-28 10:58:20,726] Edit_Post - Step 13: Verify Search table contains 'Edit Title4713'
[INFO ] [2023-08-28 10:58:20,802]  -------------------------- PASSED -------------------------- 
[INFO ] [2023-08-28 10:58:20,802] Edit_Post - Step 14: Verify Search table contains 'automationfc'
[INFO ] [2023-08-28 10:58:20,873]  -------------------------- PASSED -------------------------- 
[INFO ] [2023-08-28 10:58:20,873] Edit_Post - Step 15: Open End User site
[INFO ] [2023-08-28 10:58:24,978] Edit_Post - Step 16: Verify Post infor displayed at Home Page
[INFO ] [2023-08-28 10:58:25,035]  -------------------------- PASSED -------------------------- 
[INFO ] [2023-08-28 10:58:25,094]  -------------------------- PASSED -------------------------- 
[INFO ] [2023-08-28 10:58:25,138]  -------------------------- PASSED -------------------------- 
[INFO ] [2023-08-28 10:58:25,198]  -------------------------- PASSED -------------------------- 
[INFO ] [2023-08-28 10:58:25,198] Edit_Post - Step 17: Click to Post title
[INFO ] [2023-08-28 10:58:28,384] Edit_Post - Step 18: Verify Post infor displayed at Post detail Page
[INFO ] [2023-08-28 10:58:28,453]  -------------------------- PASSED -------------------------- 
[INFO ] [2023-08-28 10:58:28,509]  -------------------------- PASSED -------------------------- 
[INFO ] [2023-08-28 10:58:28,558]  -------------------------- PASSED -------------------------- 
[INFO ] [2023-08-28 10:58:28,612]  -------------------------- PASSED -------------------------- 
[INFO ] [2023-08-28 10:58:28,631] Delete_Post - Step 01: Open Admin site
[INFO ] [2023-08-28 10:58:33,630] Delete_Post - Step 02: Click to 'Posts' menu link
[INFO ] [2023-08-28 10:58:38,078] Delete_Post - Step 03: Enter to Search textbox
[INFO ] [2023-08-28 10:58:38,254] Delete_Post - Step 04: Click to 'Search Posts' button
[INFO ] [2023-08-28 10:58:47,510] Delete_Post - Step 05: Select post detail checkbox
[INFO ] [2023-08-28 10:58:47,511] Delete_Post - Step 06: Select 'Move to Trash' item in dropdown
[INFO ] [2023-08-28 10:58:47,511] Delete_Post - Step 07: Click to 'Apply' button
[INFO ] [2023-08-28 10:58:47,511] Delete_Post - Step 08: Verify '1 post moved to the Trash' message is displayed
[INFO ] [2023-08-28 10:58:47,511] Delete_Post - Step 09: Enter to Search textbox
[INFO ] [2023-08-28 10:58:47,661] Delete_Post - Step 10: Click to 'Search Posts' button
[INFO ] [2023-08-28 10:58:55,977] Delete_Post - Step 11: Verify 'No posts found.' message is displayed
[INFO ] [2023-08-28 10:58:55,977] Delete_Post - Step 12: Open End User site
[INFO ] [2023-08-28 10:58:59,853] Delete_Post - Step 13: Verify Post title undisplayed at Home Page
[INFO ] [2023-08-28 10:58:59,853] Delete_Post - Step 14: Enter to Search textbox
[INFO ] [2023-08-28 10:59:30,009] OS name = windows 10
[INFO ] [2023-08-28 10:59:30,009] Driver instance name = chromedriver: chrome on windows (127a8b6b29436b33471be7e15247c095)
